[NX Daemon Server] - 2024-07-31T19:23:31.724Z - Started listening on: /var/folders/y9/_wtss0n56zn531_wnpv4x_h00000gn/T/f09ad130fe71c4764b41/d.sock
[NX Daemon Server] - 2024-07-31T19:23:31.729Z - [WATCHER]: Subscribed to changes within: /Users/aronmartin/Projects/devdept/app-starter (native)
[NX Daemon Server] - 2024-07-31T19:23:31.729Z - Established a connection. Number of open connections: 1
[NX Daemon Server] - 2024-07-31T19:23:31.730Z - Established a connection. Number of open connections: 2
[NX Daemon Server] - 2024-07-31T19:23:31.731Z - Closed a connection. Number of open connections: 1
[NX Daemon Server] - 2024-07-31T19:23:31.732Z - [REQUEST]: Client Request for Project Graph Received
[NX Daemon Server] - 2024-07-31T19:23:32.000Z - [REQUEST]: Updated workspace context based on watched changes, recomputing project graph...
[NX Daemon Server] - 2024-07-31T19:23:32.000Z - [REQUEST]: 
[NX Daemon Server] - 2024-07-31T19:23:32.000Z - [REQUEST]: 
[NX Daemon Server] - 2024-07-31T19:23:32.016Z - Time taken for 'loadNxPlugins' 267.32658400014043ms
[NX Daemon Server] - 2024-07-31T19:23:32.017Z - Established a connection. Number of open connections: 2
[NX Daemon Server] - 2024-07-31T19:23:32.017Z - Established a connection. Number of open connections: 3
[NX Daemon Server] - 2024-07-31T19:23:32.017Z - Closed a connection. Number of open connections: 2
[NX Daemon Server] - 2024-07-31T19:23:32.017Z - Established a connection. Number of open connections: 3
[NX Daemon Server] - 2024-07-31T19:23:32.019Z - [REQUEST]: Responding to the client. handleHashGlob
[NX Daemon Server] - 2024-07-31T19:23:32.019Z - Done responding to the client handleHashGlob
[NX Daemon Server] - 2024-07-31T19:23:32.019Z - Handled HASH_GLOB. Handling time: 1. Response time: 0.
[NX Daemon Server] - 2024-07-31T19:23:32.019Z - Established a connection. Number of open connections: 4
[NX Daemon Server] - 2024-07-31T19:23:32.019Z - Closed a connection. Number of open connections: 3
[NX Daemon Server] - 2024-07-31T19:23:32.019Z - Established a connection. Number of open connections: 4
[NX Daemon Server] - 2024-07-31T19:23:32.020Z - [REQUEST]: Responding to the client. handleHashGlob
[NX Daemon Server] - 2024-07-31T19:23:32.020Z - Done responding to the client handleHashGlob
[NX Daemon Server] - 2024-07-31T19:23:32.020Z - Handled HASH_GLOB. Handling time: 0. Response time: 0.
[NX Daemon Server] - 2024-07-31T19:23:32.020Z - Established a connection. Number of open connections: 5
[NX Daemon Server] - 2024-07-31T19:23:32.020Z - Closed a connection. Number of open connections: 4
[NX Daemon Server] - 2024-07-31T19:23:32.021Z - [REQUEST]: Responding to the client. handleHashGlob
[NX Daemon Server] - 2024-07-31T19:23:32.021Z - Done responding to the client handleHashGlob
[NX Daemon Server] - 2024-07-31T19:23:32.021Z - Handled HASH_GLOB. Handling time: 1. Response time: 0.
[NX Daemon Server] - 2024-07-31T19:23:32.087Z - Established a connection. Number of open connections: 5
[NX Daemon Server] - 2024-07-31T19:23:32.087Z - Closed a connection. Number of open connections: 4
[NX Daemon Server] - 2024-07-31T19:23:32.087Z - Established a connection. Number of open connections: 5
[NX Daemon Server] - 2024-07-31T19:23:32.088Z - [REQUEST]: Responding to the client. handleHashGlob
[NX Daemon Server] - 2024-07-31T19:23:32.088Z - Done responding to the client handleHashGlob
[NX Daemon Server] - 2024-07-31T19:23:32.088Z - Handled HASH_GLOB. Handling time: 0. Response time: 0.
[NX Daemon Server] - 2024-07-31T19:23:32.089Z - [REQUEST]: Responding to the client. handleHashGlob
[NX Daemon Server] - 2024-07-31T19:23:32.089Z - Done responding to the client handleHashGlob
[NX Daemon Server] - 2024-07-31T19:23:32.089Z - Handled HASH_GLOB. Handling time: 0. Response time: 0.
[NX Daemon Server] - 2024-07-31T19:23:32.091Z - [REQUEST]: Responding to the client. handleHashGlob
[NX Daemon Server] - 2024-07-31T19:23:32.091Z - Done responding to the client handleHashGlob
[NX Daemon Server] - 2024-07-31T19:23:32.091Z - Handled HASH_GLOB. Handling time: 0. Response time: 0.
[NX Daemon Server] - 2024-07-31T19:23:32.092Z - [REQUEST]: Responding to the client. handleHashGlob
[NX Daemon Server] - 2024-07-31T19:23:32.092Z - Done responding to the client handleHashGlob
[NX Daemon Server] - 2024-07-31T19:23:32.092Z - Handled HASH_GLOB. Handling time: 0. Response time: 0.
[NX Daemon Server] - 2024-07-31T19:23:32.094Z - [REQUEST]: Responding to the client. handleHashGlob
[NX Daemon Server] - 2024-07-31T19:23:32.094Z - Done responding to the client handleHashGlob
[NX Daemon Server] - 2024-07-31T19:23:32.094Z - Handled HASH_GLOB. Handling time: 1. Response time: 0.
[NX Daemon Server] - 2024-07-31T19:23:32.095Z - [REQUEST]: Responding to the client. handleHashGlob
[NX Daemon Server] - 2024-07-31T19:23:32.095Z - Done responding to the client handleHashGlob
[NX Daemon Server] - 2024-07-31T19:23:32.095Z - Handled HASH_GLOB. Handling time: 1. Response time: 0.
[NX Daemon Server] - 2024-07-31T19:23:32.096Z - [REQUEST]: Responding to the client. handleHashGlob
[NX Daemon Server] - 2024-07-31T19:23:32.096Z - Done responding to the client handleHashGlob
[NX Daemon Server] - 2024-07-31T19:23:32.096Z - Handled HASH_GLOB. Handling time: 0. Response time: 0.
[NX Daemon Server] - 2024-07-31T19:23:32.097Z - [REQUEST]: Responding to the client. handleGlob
[NX Daemon Server] - 2024-07-31T19:23:32.097Z - Done responding to the client handleGlob
[NX Daemon Server] - 2024-07-31T19:23:32.097Z - Handled GLOB. Handling time: 0. Response time: 0.

[Nx Vite TsPaths] Found tsconfig at /Users/aronmartin/Projects/devdept/app-starter/tsconfig.base.json

[Nx Vite TsPaths] first parsed tsconfig:  {
  resultType: 'success',
  configFileAbsolutePath: '/Users/aronmartin/Projects/devdept/app-starter/tsconfig.base.json',
  baseUrl: '.',
  absoluteBaseUrl: '/Users/aronmartin/Projects/devdept/app-starter',
  paths: {
    '@org/database': [ 'libs/database/src/index.ts' ],
    '@org/theme': [ 'libs/theme/src/index.ts' ],
    '@org/ui': [ 'libs/ui/src/index.ts' ]
  },
  addMatchAll: true
}

[Nx Vite TsPaths] Found tsconfig at /Users/aronmartin/Projects/devdept/app-starter/tsconfig.base.json

[Nx Vite TsPaths] fallback parsed tsconfig:  {
  resultType: 'success',
  configFileAbsolutePath: '/Users/aronmartin/Projects/devdept/app-starter/tsconfig.base.json',
  baseUrl: '.',
  absoluteBaseUrl: '/Users/aronmartin/Projects/devdept/app-starter',
  paths: {
    '@org/database': [ 'libs/database/src/index.ts' ],
    '@org/theme': [ 'libs/theme/src/index.ts' ],
    '@org/ui': [ 'libs/ui/src/index.ts' ]
  },
  addMatchAll: true
}
[NX Daemon Server] - 2024-07-31T19:23:33.367Z - Time taken for 'build-project-configs' 1351.280249999836ms
[NX Daemon Server] - 2024-07-31T19:23:33.370Z - Time taken for '@nx/vite/plugin:createDependencies' 5.633624999783933ms

 NX   Failed to parse npm lockfile

Please open an issue at `https://github.com/nrwl/nx/issues/new?template=1-bug.yml` and provide a reproduction.

Original error: Cannot read properties of undefined (reading 'startsWith')


TypeError: Cannot read properties of undefined (reading 'startsWith')
    at findTarget (/Users/aronmartin/Projects/devdept/app-starter/node_modules/nx/src/plugins/js/lock-file/npm-parser.js:179:32)
    at findTarget (/Users/aronmartin/Projects/devdept/app-starter/node_modules/nx/src/plugins/js/lock-file/npm-parser.js:196:12)
    at findTarget (/Users/aronmartin/Projects/devdept/app-starter/node_modules/nx/src/plugins/js/lock-file/npm-parser.js:196:12)
    at /Users/aronmartin/Projects/devdept/app-starter/node_modules/nx/src/plugins/js/lock-file/npm-parser.js:149:40
    at Array.forEach (<anonymous>)
    at /Users/aronmartin/Projects/devdept/app-starter/node_modules/nx/src/plugins/js/lock-file/npm-parser.js:148:45
    at Array.forEach (<anonymous>)
    at /Users/aronmartin/Projects/devdept/app-starter/node_modules/nx/src/plugins/js/lock-file/npm-parser.js:146:15
    at Array.forEach (<anonymous>)
    at getDependencies (/Users/aronmartin/Projects/devdept/app-starter/node_modules/nx/src/plugins/js/lock-file/npm-parser.js:136:39)

[NX Daemon Server] - 2024-07-31T19:23:33.380Z - Error detected when creating a project graph: Failed to create project graph. See above for errors
[NX Daemon Server] - 2024-07-31T19:23:33.381Z - [REQUEST]: Responding to the client with an error. Error when preparing serialized project graph. Failed to process project graph. Run "nx reset" to fix this. Please report the issue if you keep seeing it.
Failed to process project graph. Run "nx reset" to fix this. Please report the issue if you keep seeing it.
  The "nx/js/dependencies-and-lockfile" plugin threw an error while creating dependencies:
    TypeError: Cannot read properties of undefined (reading 'startsWith')
        at findTarget (/Users/aronmartin/Projects/devdept/app-starter/node_modules/nx/src/plugins/js/lock-file/npm-parser.js:179:32)
        at findTarget (/Users/aronmartin/Projects/devdept/app-starter/node_modules/nx/src/plugins/js/lock-file/npm-parser.js:196:12)
        at findTarget (/Users/aronmartin/Projects/devdept/app-starter/node_modules/nx/src/plugins/js/lock-file/npm-parser.js:196:12)
        at /Users/aronmartin/Projects/devdept/app-starter/node_modules/nx/src/plugins/js/lock-file/npm-parser.js:149:40
        at Array.forEach (<anonymous>)
        at /Users/aronmartin/Projects/devdept/app-starter/node_modules/nx/src/plugins/js/lock-file/npm-parser.js:148:45
        at Array.forEach (<anonymous>)
        at /Users/aronmartin/Projects/devdept/app-starter/node_modules/nx/src/plugins/js/lock-file/npm-parser.js:146:15
        at Array.forEach (<anonymous>)
        at getDependencies (/Users/aronmartin/Projects/devdept/app-starter/node_modules/nx/src/plugins/js/lock-file/npm-parser.js:136:39)
[NX Daemon Server] - 2024-07-31T19:23:33.381Z - Time taken for 'build project graph' 16.916916999965906ms
[NX Daemon Server] - 2024-07-31T19:23:33.381Z - Done responding to the client null
[NX Daemon Server] - 2024-07-31T19:23:33.381Z - Handled REQUEST_PROJECT_GRAPH. Handling time: 1649. Response time: 1.
[NX Daemon Server] - 2024-07-31T19:23:33.382Z - Closed a connection. Number of open connections: 4
[NX Daemon Server] - 2024-07-31T19:23:36.877Z - Established a connection. Number of open connections: 5
[NX Daemon Server] - 2024-07-31T19:23:36.877Z - Closed a connection. Number of open connections: 4
[NX Daemon Server] - 2024-07-31T19:23:36.878Z - Established a connection. Number of open connections: 5
[NX Daemon Server] - 2024-07-31T19:23:36.879Z - [REQUEST]: Client Request for Project Graph Received
[NX Daemon Server] - 2024-07-31T19:23:36.879Z - [REQUEST]: Updated workspace context based on watched changes, recomputing project graph...
[NX Daemon Server] - 2024-07-31T19:23:36.879Z - [REQUEST]: 
[NX Daemon Server] - 2024-07-31T19:23:36.879Z - [REQUEST]: 
[NX Daemon Server] - 2024-07-31T19:23:36.896Z - Time taken for 'hash changed files from watcher' 0.004958000034093857ms
[NX Daemon Server] - 2024-07-31T19:23:36.898Z - [REQUEST]: Responding to the client. handleHashGlob
[NX Daemon Server] - 2024-07-31T19:23:36.898Z - Done responding to the client handleHashGlob
[NX Daemon Server] - 2024-07-31T19:23:36.898Z - Handled HASH_GLOB. Handling time: 2. Response time: 0.
[NX Daemon Server] - 2024-07-31T19:23:36.900Z - [REQUEST]: Responding to the client. handleHashGlob
[NX Daemon Server] - 2024-07-31T19:23:36.900Z - Done responding to the client handleHashGlob
[NX Daemon Server] - 2024-07-31T19:23:36.900Z - Handled HASH_GLOB. Handling time: 2. Response time: 0.
[NX Daemon Server] - 2024-07-31T19:23:36.900Z - [REQUEST]: Responding to the client. handleHashGlob
[NX Daemon Server] - 2024-07-31T19:23:36.901Z - Done responding to the client handleHashGlob
[NX Daemon Server] - 2024-07-31T19:23:36.901Z - Handled HASH_GLOB. Handling time: 0. Response time: 1.
[NX Daemon Server] - 2024-07-31T19:23:36.901Z - [REQUEST]: Responding to the client. handleHashGlob
[NX Daemon Server] - 2024-07-31T19:23:36.901Z - Done responding to the client handleHashGlob
[NX Daemon Server] - 2024-07-31T19:23:36.901Z - Handled HASH_GLOB. Handling time: 0. Response time: 0.
[NX Daemon Server] - 2024-07-31T19:23:36.903Z - [REQUEST]: Responding to the client. handleHashGlob
[NX Daemon Server] - 2024-07-31T19:23:36.903Z - Done responding to the client handleHashGlob
[NX Daemon Server] - 2024-07-31T19:23:36.903Z - Handled HASH_GLOB. Handling time: 1. Response time: 0.
[NX Daemon Server] - 2024-07-31T19:23:36.904Z - [REQUEST]: Responding to the client. handleHashGlob
[NX Daemon Server] - 2024-07-31T19:23:36.904Z - Done responding to the client handleHashGlob
[NX Daemon Server] - 2024-07-31T19:23:36.904Z - Handled HASH_GLOB. Handling time: 0. Response time: 0.
[NX Daemon Server] - 2024-07-31T19:23:36.905Z - [REQUEST]: Responding to the client. handleHashGlob
[NX Daemon Server] - 2024-07-31T19:23:36.905Z - Done responding to the client handleHashGlob
[NX Daemon Server] - 2024-07-31T19:23:36.905Z - Handled HASH_GLOB. Handling time: 1. Response time: 0.
[NX Daemon Server] - 2024-07-31T19:23:36.905Z - [REQUEST]: Responding to the client. handleHashGlob
[NX Daemon Server] - 2024-07-31T19:23:36.905Z - Done responding to the client handleHashGlob
[NX Daemon Server] - 2024-07-31T19:23:36.905Z - Handled HASH_GLOB. Handling time: 0. Response time: 0.
[NX Daemon Server] - 2024-07-31T19:23:36.906Z - [REQUEST]: Responding to the client. handleHashGlob
[NX Daemon Server] - 2024-07-31T19:23:36.906Z - Done responding to the client handleHashGlob
[NX Daemon Server] - 2024-07-31T19:23:36.906Z - Handled HASH_GLOB. Handling time: 0. Response time: 0.
[NX Daemon Server] - 2024-07-31T19:23:36.907Z - [REQUEST]: Responding to the client. handleHashGlob
[NX Daemon Server] - 2024-07-31T19:23:36.907Z - Done responding to the client handleHashGlob
[NX Daemon Server] - 2024-07-31T19:23:36.907Z - Handled HASH_GLOB. Handling time: 1. Response time: 0.
[NX Daemon Server] - 2024-07-31T19:23:36.913Z - Time taken for 'build-project-configs' 21.616083999164402ms
[NX Daemon Server] - 2024-07-31T19:23:36.916Z - Time taken for '@nx/vite/plugin:createDependencies' 4.716917000710964ms

 NX   Failed to parse npm lockfile

Please open an issue at `https://github.com/nrwl/nx/issues/new?template=1-bug.yml` and provide a reproduction.

Original error: Cannot read properties of undefined (reading 'startsWith')


TypeError: Cannot read properties of undefined (reading 'startsWith')
    at findTarget (/Users/aronmartin/Projects/devdept/app-starter/node_modules/nx/src/plugins/js/lock-file/npm-parser.js:179:32)
    at findTarget (/Users/aronmartin/Projects/devdept/app-starter/node_modules/nx/src/plugins/js/lock-file/npm-parser.js:196:12)
    at findTarget (/Users/aronmartin/Projects/devdept/app-starter/node_modules/nx/src/plugins/js/lock-file/npm-parser.js:196:12)
    at /Users/aronmartin/Projects/devdept/app-starter/node_modules/nx/src/plugins/js/lock-file/npm-parser.js:149:40
    at Array.forEach (<anonymous>)
    at /Users/aronmartin/Projects/devdept/app-starter/node_modules/nx/src/plugins/js/lock-file/npm-parser.js:148:45
    at Array.forEach (<anonymous>)
    at /Users/aronmartin/Projects/devdept/app-starter/node_modules/nx/src/plugins/js/lock-file/npm-parser.js:146:15
    at Array.forEach (<anonymous>)
    at getDependencies (/Users/aronmartin/Projects/devdept/app-starter/node_modules/nx/src/plugins/js/lock-file/npm-parser.js:136:39)

[NX Daemon Server] - 2024-07-31T19:23:36.921Z - Error detected when creating a project graph: Failed to create project graph. See above for errors
[NX Daemon Server] - 2024-07-31T19:23:36.921Z - [REQUEST]: Responding to the client with an error. Error when preparing serialized project graph. Failed to process project graph. Run "nx reset" to fix this. Please report the issue if you keep seeing it.
Failed to process project graph. Run "nx reset" to fix this. Please report the issue if you keep seeing it.
  The "nx/js/dependencies-and-lockfile" plugin threw an error while creating dependencies:
    TypeError: Cannot read properties of undefined (reading 'startsWith')
        at findTarget (/Users/aronmartin/Projects/devdept/app-starter/node_modules/nx/src/plugins/js/lock-file/npm-parser.js:179:32)
        at findTarget (/Users/aronmartin/Projects/devdept/app-starter/node_modules/nx/src/plugins/js/lock-file/npm-parser.js:196:12)
        at findTarget (/Users/aronmartin/Projects/devdept/app-starter/node_modules/nx/src/plugins/js/lock-file/npm-parser.js:196:12)
        at /Users/aronmartin/Projects/devdept/app-starter/node_modules/nx/src/plugins/js/lock-file/npm-parser.js:149:40
        at Array.forEach (<anonymous>)
        at /Users/aronmartin/Projects/devdept/app-starter/node_modules/nx/src/plugins/js/lock-file/npm-parser.js:148:45
        at Array.forEach (<anonymous>)
        at /Users/aronmartin/Projects/devdept/app-starter/node_modules/nx/src/plugins/js/lock-file/npm-parser.js:146:15
        at Array.forEach (<anonymous>)
        at getDependencies (/Users/aronmartin/Projects/devdept/app-starter/node_modules/nx/src/plugins/js/lock-file/npm-parser.js:136:39)
[NX Daemon Server] - 2024-07-31T19:23:36.922Z - Time taken for 'build project graph' 10.331125000491738ms
[NX Daemon Server] - 2024-07-31T19:23:36.922Z - Done responding to the client null
[NX Daemon Server] - 2024-07-31T19:23:36.922Z - Handled REQUEST_PROJECT_GRAPH. Handling time: 42. Response time: 1.
[NX Daemon Server] - 2024-07-31T19:23:36.923Z - Closed a connection. Number of open connections: 4
[NX Daemon Server] - 2024-07-31T19:25:13.905Z - Started listening on: /var/folders/y9/_wtss0n56zn531_wnpv4x_h00000gn/T/f09ad130fe71c4764b41/d.sock
[NX Daemon Server] - 2024-07-31T19:25:13.910Z - [WATCHER]: Subscribed to changes within: /Users/aronmartin/Projects/devdept/app-starter (native)
[NX Daemon Server] - 2024-07-31T19:25:13.914Z - Established a connection. Number of open connections: 1
[NX Daemon Server] - 2024-07-31T19:25:13.915Z - Established a connection. Number of open connections: 2
[NX Daemon Server] - 2024-07-31T19:25:13.916Z - Closed a connection. Number of open connections: 1
[NX Daemon Server] - 2024-07-31T19:25:13.917Z - [REQUEST]: Responding to the client. handleGlob
[NX Daemon Server] - 2024-07-31T19:25:13.917Z - Done responding to the client handleGlob
[NX Daemon Server] - 2024-07-31T19:25:13.917Z - Handled GLOB. Handling time: 1. Response time: 0.
[NX Daemon Server] - 2024-07-31T19:25:13.923Z - Established a connection. Number of open connections: 2
[NX Daemon Server] - 2024-07-31T19:25:13.923Z - Closed a connection. Number of open connections: 1
[NX Daemon Server] - 2024-07-31T19:25:13.923Z - Established a connection. Number of open connections: 2
[NX Daemon Server] - 2024-07-31T19:25:13.924Z - [REQUEST]: Responding to the client. handleHashGlob
[NX Daemon Server] - 2024-07-31T19:25:13.929Z - Done responding to the client handleHashGlob
[NX Daemon Server] - 2024-07-31T19:25:13.929Z - Handled HASH_GLOB. Handling time: 0. Response time: 5.
[NX Daemon Server] - 2024-07-31T19:25:13.930Z - Established a connection. Number of open connections: 3
[NX Daemon Server] - 2024-07-31T19:25:13.931Z - Established a connection. Number of open connections: 4
[NX Daemon Server] - 2024-07-31T19:25:13.931Z - Closed a connection. Number of open connections: 3
[NX Daemon Server] - 2024-07-31T19:25:13.931Z - Established a connection. Number of open connections: 4
[NX Daemon Server] - 2024-07-31T19:25:13.932Z - [REQUEST]: Responding to the client. handleHashGlob
[NX Daemon Server] - 2024-07-31T19:25:13.932Z - Done responding to the client handleHashGlob
[NX Daemon Server] - 2024-07-31T19:25:13.932Z - Handled HASH_GLOB. Handling time: 0. Response time: 0.
[NX Daemon Server] - 2024-07-31T19:25:13.933Z - Established a connection. Number of open connections: 5
[NX Daemon Server] - 2024-07-31T19:25:13.933Z - Closed a connection. Number of open connections: 4
[NX Daemon Server] - 2024-07-31T19:25:13.934Z - [REQUEST]: Responding to the client. handleHashGlob
[NX Daemon Server] - 2024-07-31T19:25:13.934Z - Done responding to the client handleHashGlob
[NX Daemon Server] - 2024-07-31T19:25:13.934Z - Handled HASH_GLOB. Handling time: 0. Response time: 0.
[NX Daemon Server] - 2024-07-31T19:25:14.065Z - Established a connection. Number of open connections: 5
[NX Daemon Server] - 2024-07-31T19:25:14.065Z - Closed a connection. Number of open connections: 4
[NX Daemon Server] - 2024-07-31T19:25:14.066Z - Established a connection. Number of open connections: 5
[NX Daemon Server] - 2024-07-31T19:25:14.066Z - [REQUEST]: Responding to the client. handleHashGlob
[NX Daemon Server] - 2024-07-31T19:25:14.067Z - Done responding to the client handleHashGlob
[NX Daemon Server] - 2024-07-31T19:25:14.067Z - Handled HASH_GLOB. Handling time: 0. Response time: 1.
[NX Daemon Server] - 2024-07-31T19:25:14.068Z - [REQUEST]: Responding to the client. handleHashGlob
[NX Daemon Server] - 2024-07-31T19:25:14.068Z - Done responding to the client handleHashGlob
[NX Daemon Server] - 2024-07-31T19:25:14.068Z - Handled HASH_GLOB. Handling time: 1. Response time: 0.
[NX Daemon Server] - 2024-07-31T19:25:14.069Z - [REQUEST]: Responding to the client. handleHashGlob
[NX Daemon Server] - 2024-07-31T19:25:14.069Z - Done responding to the client handleHashGlob
[NX Daemon Server] - 2024-07-31T19:25:14.069Z - Handled HASH_GLOB. Handling time: 1. Response time: 0.
[NX Daemon Server] - 2024-07-31T19:25:14.069Z - [REQUEST]: Responding to the client. handleHashGlob
[NX Daemon Server] - 2024-07-31T19:25:14.069Z - Done responding to the client handleHashGlob
[NX Daemon Server] - 2024-07-31T19:25:14.070Z - Handled HASH_GLOB. Handling time: 0. Response time: 1.
[NX Daemon Server] - 2024-07-31T19:25:14.071Z - [REQUEST]: Responding to the client. handleHashGlob
[NX Daemon Server] - 2024-07-31T19:25:14.071Z - Done responding to the client handleHashGlob
[NX Daemon Server] - 2024-07-31T19:25:14.071Z - Handled HASH_GLOB. Handling time: 1. Response time: 0.
[NX Daemon Server] - 2024-07-31T19:25:14.071Z - [REQUEST]: Responding to the client. handleHashGlob
[NX Daemon Server] - 2024-07-31T19:25:14.071Z - Done responding to the client handleHashGlob
[NX Daemon Server] - 2024-07-31T19:25:14.071Z - Handled HASH_GLOB. Handling time: 0. Response time: 0.
[NX Daemon Server] - 2024-07-31T19:25:14.073Z - [REQUEST]: Responding to the client. handleHashGlob
[NX Daemon Server] - 2024-07-31T19:25:14.073Z - Done responding to the client handleHashGlob
[NX Daemon Server] - 2024-07-31T19:25:14.073Z - Handled HASH_GLOB. Handling time: 1. Response time: 0.
[NX Daemon Server] - 2024-07-31T19:25:14.095Z - [REQUEST]: Responding to the client. handleNxWorkspaceFiles
[NX Daemon Server] - 2024-07-31T19:25:14.095Z - Done responding to the client handleNxWorkspaceFiles
[NX Daemon Server] - 2024-07-31T19:25:14.095Z - Handled GET_NX_WORKSPACE_FILES. Handling time: 0. Response time: 0.
[NX Daemon Server] - 2024-07-31T19:25:14.125Z - Closed a connection. Number of open connections: 4
[NX Daemon Server] - 2024-07-31T19:25:14.125Z - Closed a connection. Number of open connections: 3
[NX Daemon Server] - 2024-07-31T19:25:14.125Z - Closed a connection. Number of open connections: 2
[NX Daemon Server] - 2024-07-31T19:25:14.126Z - Closed a connection. Number of open connections: 1
[NX Daemon Server] - 2024-07-31T19:25:14.127Z - Closed a connection. Number of open connections: 0
[NX Daemon Server] - 2024-07-31T19:25:39.095Z - Started listening on: /var/folders/y9/_wtss0n56zn531_wnpv4x_h00000gn/T/f09ad130fe71c4764b41/d.sock
[NX Daemon Server] - 2024-07-31T19:25:39.097Z - [WATCHER]: Subscribed to changes within: /Users/aronmartin/Projects/devdept/app-starter (native)
[NX Daemon Server] - 2024-07-31T19:25:39.107Z - Established a connection. Number of open connections: 1
[NX Daemon Server] - 2024-07-31T19:25:39.109Z - Closed a connection. Number of open connections: 0
[NX Daemon Server] - 2024-07-31T19:25:39.109Z - Established a connection. Number of open connections: 1
[NX Daemon Server] - 2024-07-31T19:25:39.109Z - [REQUEST]: Client Request for Project Graph Received
[NX Daemon Server] - 2024-07-31T19:25:39.422Z - [REQUEST]: Updated workspace context based on watched changes, recomputing project graph...
[NX Daemon Server] - 2024-07-31T19:25:39.422Z - [REQUEST]: 
[NX Daemon Server] - 2024-07-31T19:25:39.422Z - [REQUEST]: 
[NX Daemon Server] - 2024-07-31T19:25:39.437Z - Time taken for 'loadNxPlugins' 311.43987500015646ms
[NX Daemon Server] - 2024-07-31T19:25:39.438Z - Established a connection. Number of open connections: 2
[NX Daemon Server] - 2024-07-31T19:25:39.438Z - Established a connection. Number of open connections: 3
[NX Daemon Server] - 2024-07-31T19:25:39.438Z - Closed a connection. Number of open connections: 2
[NX Daemon Server] - 2024-07-31T19:25:39.438Z - Established a connection. Number of open connections: 3
[NX Daemon Server] - 2024-07-31T19:25:39.440Z - [REQUEST]: Responding to the client. handleHashGlob
[NX Daemon Server] - 2024-07-31T19:25:39.440Z - Done responding to the client handleHashGlob
[NX Daemon Server] - 2024-07-31T19:25:39.440Z - Handled HASH_GLOB. Handling time: 1. Response time: 0.
[NX Daemon Server] - 2024-07-31T19:25:39.440Z - Established a connection. Number of open connections: 4
[NX Daemon Server] - 2024-07-31T19:25:39.440Z - Closed a connection. Number of open connections: 3
[NX Daemon Server] - 2024-07-31T19:25:39.440Z - Established a connection. Number of open connections: 4
[NX Daemon Server] - 2024-07-31T19:25:39.443Z - [REQUEST]: Responding to the client. handleHashGlob
[NX Daemon Server] - 2024-07-31T19:25:39.443Z - Done responding to the client handleHashGlob
[NX Daemon Server] - 2024-07-31T19:25:39.443Z - Handled HASH_GLOB. Handling time: 2. Response time: 0.
[NX Daemon Server] - 2024-07-31T19:25:39.443Z - Established a connection. Number of open connections: 5
[NX Daemon Server] - 2024-07-31T19:25:39.444Z - Closed a connection. Number of open connections: 4
[NX Daemon Server] - 2024-07-31T19:25:39.445Z - [REQUEST]: Responding to the client. handleHashGlob
[NX Daemon Server] - 2024-07-31T19:25:39.445Z - Done responding to the client handleHashGlob
[NX Daemon Server] - 2024-07-31T19:25:39.445Z - Handled HASH_GLOB. Handling time: 0. Response time: 0.
[NX Daemon Server] - 2024-07-31T19:25:39.519Z - Established a connection. Number of open connections: 5
[NX Daemon Server] - 2024-07-31T19:25:39.519Z - Closed a connection. Number of open connections: 4
[NX Daemon Server] - 2024-07-31T19:25:39.519Z - Established a connection. Number of open connections: 5
[NX Daemon Server] - 2024-07-31T19:25:39.520Z - [REQUEST]: Responding to the client. handleHashGlob
[NX Daemon Server] - 2024-07-31T19:25:39.520Z - Done responding to the client handleHashGlob
[NX Daemon Server] - 2024-07-31T19:25:39.520Z - Handled HASH_GLOB. Handling time: 0. Response time: 0.
[NX Daemon Server] - 2024-07-31T19:25:39.521Z - [REQUEST]: Responding to the client. handleHashGlob
[NX Daemon Server] - 2024-07-31T19:25:39.522Z - Done responding to the client handleHashGlob
[NX Daemon Server] - 2024-07-31T19:25:39.522Z - Handled HASH_GLOB. Handling time: 0. Response time: 1.
[NX Daemon Server] - 2024-07-31T19:25:39.522Z - [REQUEST]: Responding to the client. handleHashGlob
[NX Daemon Server] - 2024-07-31T19:25:39.522Z - Done responding to the client handleHashGlob
[NX Daemon Server] - 2024-07-31T19:25:39.522Z - Handled HASH_GLOB. Handling time: 0. Response time: 0.
[NX Daemon Server] - 2024-07-31T19:25:39.523Z - [REQUEST]: Responding to the client. handleHashGlob
[NX Daemon Server] - 2024-07-31T19:25:39.524Z - Done responding to the client handleHashGlob
[NX Daemon Server] - 2024-07-31T19:25:39.524Z - Handled HASH_GLOB. Handling time: 0. Response time: 1.
[NX Daemon Server] - 2024-07-31T19:25:39.525Z - [REQUEST]: Responding to the client. handleHashGlob
[NX Daemon Server] - 2024-07-31T19:25:39.525Z - Done responding to the client handleHashGlob
[NX Daemon Server] - 2024-07-31T19:25:39.525Z - Handled HASH_GLOB. Handling time: 1. Response time: 0.
[NX Daemon Server] - 2024-07-31T19:25:39.526Z - [REQUEST]: Responding to the client. handleHashGlob
[NX Daemon Server] - 2024-07-31T19:25:39.526Z - Done responding to the client handleHashGlob
[NX Daemon Server] - 2024-07-31T19:25:39.526Z - Handled HASH_GLOB. Handling time: 1. Response time: 0.
[NX Daemon Server] - 2024-07-31T19:25:39.527Z - [REQUEST]: Responding to the client. handleHashGlob
[NX Daemon Server] - 2024-07-31T19:25:39.527Z - Done responding to the client handleHashGlob
[NX Daemon Server] - 2024-07-31T19:25:39.527Z - Handled HASH_GLOB. Handling time: 1. Response time: 0.
[NX Daemon Server] - 2024-07-31T19:25:39.528Z - [REQUEST]: Responding to the client. handleGlob
[NX Daemon Server] - 2024-07-31T19:25:39.528Z - Done responding to the client handleGlob
[NX Daemon Server] - 2024-07-31T19:25:39.528Z - Handled GLOB. Handling time: 1. Response time: 0.
[NX Daemon Server] - 2024-07-31T19:25:40.386Z - Time taken for 'build-project-configs' 950.5788749996573ms
[NX Daemon Server] - 2024-07-31T19:25:40.389Z - Time taken for '@nx/vite/plugin:createDependencies' 4.96645800024271ms
[NX Daemon Server] - 2024-07-31T19:25:40.456Z - [REQUEST]: Responding to the client. project-graph
[NX Daemon Server] - 2024-07-31T19:25:40.457Z - Time taken for 'total for creating and serializing project graph' 1346.7309170002118ms
[NX Daemon Server] - 2024-07-31T19:25:40.461Z - Done responding to the client project-graph
[NX Daemon Server] - 2024-07-31T19:25:40.461Z - Handled REQUEST_PROJECT_GRAPH. Handling time: 1347. Response time: 5.
[NX Daemon Server] - 2024-07-31T19:25:40.498Z - [REQUEST]: Responding to the client. handleHashTasks
[NX Daemon Server] - 2024-07-31T19:25:40.498Z - Done responding to the client handleHashTasks
[NX Daemon Server] - 2024-07-31T19:25:40.498Z - Handled HASH_TASKS. Handling time: 13. Response time: 0.
[NX Daemon Server] - 2024-07-31T19:25:46.774Z - [WATCHER]: Processing file changes in outputs
[NX Daemon Server] - 2024-07-31T19:25:47.062Z - [WATCHER]: Processing file changes in outputs
[NX Daemon Server] - 2024-07-31T19:25:47.142Z - [WATCHER]: Processing file changes in outputs
[NX Daemon Server] - 2024-07-31T19:25:47.215Z - [WATCHER]: Processing file changes in outputs
[NX Daemon Server] - 2024-07-31T19:25:47.277Z - [WATCHER]: Processing file changes in outputs
[NX Daemon Server] - 2024-07-31T19:25:47.335Z - [WATCHER]: Processing file changes in outputs
[NX Daemon Server] - 2024-07-31T19:25:47.389Z - [WATCHER]: Processing file changes in outputs
[NX Daemon Server] - 2024-07-31T19:25:47.443Z - [WATCHER]: Processing file changes in outputs
[NX Daemon Server] - 2024-07-31T19:25:47.500Z - [WATCHER]: Processing file changes in outputs
[NX Daemon Server] - 2024-07-31T19:25:47.552Z - [WATCHER]: Processing file changes in outputs
[NX Daemon Server] - 2024-07-31T19:25:47.619Z - [WATCHER]: Processing file changes in outputs
[NX Daemon Server] - 2024-07-31T19:25:47.673Z - [WATCHER]: Processing file changes in outputs
[NX Daemon Server] - 2024-07-31T19:25:47.740Z - [WATCHER]: Processing file changes in outputs
[NX Daemon Server] - 2024-07-31T19:25:47.803Z - [WATCHER]: Processing file changes in outputs
[NX Daemon Server] - 2024-07-31T19:25:47.870Z - [WATCHER]: Processing file changes in outputs
[NX Daemon Server] - 2024-07-31T19:25:47.932Z - [WATCHER]: Processing file changes in outputs
[NX Daemon Server] - 2024-07-31T19:25:47.994Z - [WATCHER]: Processing file changes in outputs
[NX Daemon Server] - 2024-07-31T19:25:48.049Z - [WATCHER]: Processing file changes in outputs
[NX Daemon Server] - 2024-07-31T19:25:48.116Z - [WATCHER]: Processing file changes in outputs
[NX Daemon Server] - 2024-07-31T19:25:48.168Z - [WATCHER]: Processing file changes in outputs
[NX Daemon Server] - 2024-07-31T19:25:48.220Z - [WATCHER]: Processing file changes in outputs
[NX Daemon Server] - 2024-07-31T19:25:48.275Z - [WATCHER]: Processing file changes in outputs
[NX Daemon Server] - 2024-07-31T19:25:48.337Z - [WATCHER]: Processing file changes in outputs
[NX Daemon Server] - 2024-07-31T19:25:48.399Z - [WATCHER]: Processing file changes in outputs
[NX Daemon Server] - 2024-07-31T19:25:48.452Z - [WATCHER]: Processing file changes in outputs
[NX Daemon Server] - 2024-07-31T19:25:48.507Z - [WATCHER]: Processing file changes in outputs
[NX Daemon Server] - 2024-07-31T19:25:48.571Z - [WATCHER]: Processing file changes in outputs
[NX Daemon Server] - 2024-07-31T19:25:48.636Z - [WATCHER]: Processing file changes in outputs
[NX Daemon Server] - 2024-07-31T19:25:48.691Z - [WATCHER]: Processing file changes in outputs
[NX Daemon Server] - 2024-07-31T19:25:48.751Z - [WATCHER]: Processing file changes in outputs
[NX Daemon Server] - 2024-07-31T19:25:48.805Z - [WATCHER]: Processing file changes in outputs
[NX Daemon Server] - 2024-07-31T19:25:48.874Z - [WATCHER]: Processing file changes in outputs
[NX Daemon Server] - 2024-07-31T19:25:48.934Z - [WATCHER]: Processing file changes in outputs
[NX Daemon Server] - 2024-07-31T19:25:48.983Z - [WATCHER]: Processing file changes in outputs
[NX Daemon Server] - 2024-07-31T19:25:49.059Z - [WATCHER]: Processing file changes in outputs
[NX Daemon Server] - 2024-07-31T19:25:49.117Z - [WATCHER]: Processing file changes in outputs
[NX Daemon Server] - 2024-07-31T19:25:49.195Z - [WATCHER]: Processing file changes in outputs
[NX Daemon Server] - 2024-07-31T19:25:49.247Z - [WATCHER]: Processing file changes in outputs
[NX Daemon Server] - 2024-07-31T19:25:49.316Z - [WATCHER]: Processing file changes in outputs
[NX Daemon Server] - 2024-07-31T19:25:49.378Z - [WATCHER]: Processing file changes in outputs
[NX Daemon Server] - 2024-07-31T19:25:49.461Z - [WATCHER]: Processing file changes in outputs
[NX Daemon Server] - 2024-07-31T19:25:49.516Z - [WATCHER]: Processing file changes in outputs
[NX Daemon Server] - 2024-07-31T19:25:49.572Z - [WATCHER]: Processing file changes in outputs
[NX Daemon Server] - 2024-07-31T19:25:49.638Z - [WATCHER]: Processing file changes in outputs
[NX Daemon Server] - 2024-07-31T19:25:49.685Z - [WATCHER]: Processing file changes in outputs
[NX Daemon Server] - 2024-07-31T19:25:49.745Z - [WATCHER]: Processing file changes in outputs
[NX Daemon Server] - 2024-07-31T19:25:49.802Z - [WATCHER]: Processing file changes in outputs
[NX Daemon Server] - 2024-07-31T19:25:49.876Z - [WATCHER]: Processing file changes in outputs
[NX Daemon Server] - 2024-07-31T19:25:49.991Z - [WATCHER]: Processing file changes in outputs
[NX Daemon Server] - 2024-07-31T19:25:50.066Z - [WATCHER]: Processing file changes in outputs
[NX Daemon Server] - 2024-07-31T19:25:50.130Z - [WATCHER]: Processing file changes in outputs
[NX Daemon Server] - 2024-07-31T19:25:50.190Z - [WATCHER]: Processing file changes in outputs
[NX Daemon Server] - 2024-07-31T19:25:50.253Z - [WATCHER]: Processing file changes in outputs
[NX Daemon Server] - 2024-07-31T19:25:50.308Z - [WATCHER]: Processing file changes in outputs
[NX Daemon Server] - 2024-07-31T19:25:50.361Z - [WATCHER]: Processing file changes in outputs
[NX Daemon Server] - 2024-07-31T19:25:50.423Z - [WATCHER]: Processing file changes in outputs
[NX Daemon Server] - 2024-07-31T19:25:50.481Z - [WATCHER]: Processing file changes in outputs
[NX Daemon Server] - 2024-07-31T19:25:50.545Z - [WATCHER]: Processing file changes in outputs
[NX Daemon Server] - 2024-07-31T19:25:50.605Z - [WATCHER]: Processing file changes in outputs
[NX Daemon Server] - 2024-07-31T19:25:50.674Z - [WATCHER]: Processing file changes in outputs
[NX Daemon Server] - 2024-07-31T19:25:50.738Z - [WATCHER]: Processing file changes in outputs
[NX Daemon Server] - 2024-07-31T19:25:50.800Z - [WATCHER]: Processing file changes in outputs
[NX Daemon Server] - 2024-07-31T19:25:50.853Z - [WATCHER]: Processing file changes in outputs
[NX Daemon Server] - 2024-07-31T19:25:50.933Z - [WATCHER]: Processing file changes in outputs
[NX Daemon Server] - 2024-07-31T19:25:50.998Z - [WATCHER]: Processing file changes in outputs
[NX Daemon Server] - 2024-07-31T19:25:51.065Z - [WATCHER]: Processing file changes in outputs
[NX Daemon Server] - 2024-07-31T19:25:51.122Z - [WATCHER]: Processing file changes in outputs
[NX Daemon Server] - 2024-07-31T19:25:51.184Z - [WATCHER]: Processing file changes in outputs
[NX Daemon Server] - 2024-07-31T19:25:51.240Z - [WATCHER]: Processing file changes in outputs
[NX Daemon Server] - 2024-07-31T19:25:51.294Z - [WATCHER]: Processing file changes in outputs
[NX Daemon Server] - 2024-07-31T19:25:51.375Z - [WATCHER]: Processing file changes in outputs
[NX Daemon Server] - 2024-07-31T19:25:51.427Z - [WATCHER]: Processing file changes in outputs
[NX Daemon Server] - 2024-07-31T19:25:51.481Z - [WATCHER]: Processing file changes in outputs
[NX Daemon Server] - 2024-07-31T19:25:51.558Z - [WATCHER]: Processing file changes in outputs
[NX Daemon Server] - 2024-07-31T19:25:51.655Z - [WATCHER]: Processing file changes in outputs
[NX Daemon Server] - 2024-07-31T19:25:51.724Z - [WATCHER]: Processing file changes in outputs
[NX Daemon Server] - 2024-07-31T19:25:51.808Z - [WATCHER]: Processing file changes in outputs
[NX Daemon Server] - 2024-07-31T19:25:51.868Z - [WATCHER]: Processing file changes in outputs
[NX Daemon Server] - 2024-07-31T19:25:51.934Z - [WATCHER]: Processing file changes in outputs
[NX Daemon Server] - 2024-07-31T19:25:52.004Z - [WATCHER]: Processing file changes in outputs
[NX Daemon Server] - 2024-07-31T19:25:52.087Z - [WATCHER]: Processing file changes in outputs
[NX Daemon Server] - 2024-07-31T19:25:52.139Z - [WATCHER]: Processing file changes in outputs
[NX Daemon Server] - 2024-07-31T19:25:52.201Z - [WATCHER]: Processing file changes in outputs
[NX Daemon Server] - 2024-07-31T19:25:52.273Z - [WATCHER]: Processing file changes in outputs
[NX Daemon Server] - 2024-07-31T19:25:52.333Z - [WATCHER]: Processing file changes in outputs
[NX Daemon Server] - 2024-07-31T19:25:52.390Z - [WATCHER]: Processing file changes in outputs
[NX Daemon Server] - 2024-07-31T19:25:52.456Z - [WATCHER]: Processing file changes in outputs
[NX Daemon Server] - 2024-07-31T19:25:52.507Z - [WATCHER]: Processing file changes in outputs
[NX Daemon Server] - 2024-07-31T19:25:52.579Z - [WATCHER]: Processing file changes in outputs
[NX Daemon Server] - 2024-07-31T19:25:52.641Z - [WATCHER]: Processing file changes in outputs
[NX Daemon Server] - 2024-07-31T19:25:52.700Z - [WATCHER]: Processing file changes in outputs
[NX Daemon Server] - 2024-07-31T19:25:52.754Z - [WATCHER]: Processing file changes in outputs
[NX Daemon Server] - 2024-07-31T19:25:52.811Z - [WATCHER]: Processing file changes in outputs
[NX Daemon Server] - 2024-07-31T19:25:52.864Z - [WATCHER]: Processing file changes in outputs
[NX Daemon Server] - 2024-07-31T19:25:52.921Z - [WATCHER]: Processing file changes in outputs
[NX Daemon Server] - 2024-07-31T19:25:52.982Z - [WATCHER]: Processing file changes in outputs
[NX Daemon Server] - 2024-07-31T19:25:53.036Z - [WATCHER]: Processing file changes in outputs
[NX Daemon Server] - 2024-07-31T19:25:53.099Z - [WATCHER]: Processing file changes in outputs
[NX Daemon Server] - 2024-07-31T19:25:53.164Z - [WATCHER]: Processing file changes in outputs
[NX Daemon Server] - 2024-07-31T19:25:53.218Z - [WATCHER]: Processing file changes in outputs
[NX Daemon Server] - 2024-07-31T19:25:53.283Z - [WATCHER]: Processing file changes in outputs
[NX Daemon Server] - 2024-07-31T19:25:53.335Z - [WATCHER]: Processing file changes in outputs
[NX Daemon Server] - 2024-07-31T19:25:53.391Z - [WATCHER]: Processing file changes in outputs
[NX Daemon Server] - 2024-07-31T19:25:53.444Z - [WATCHER]: Processing file changes in outputs
[NX Daemon Server] - 2024-07-31T19:25:53.505Z - [WATCHER]: Processing file changes in outputs
[NX Daemon Server] - 2024-07-31T19:25:53.582Z - [WATCHER]: Processing file changes in outputs
[NX Daemon Server] - 2024-07-31T19:25:53.651Z - [WATCHER]: Processing file changes in outputs
[NX Daemon Server] - 2024-07-31T19:25:53.713Z - [WATCHER]: Processing file changes in outputs
[NX Daemon Server] - 2024-07-31T19:25:53.774Z - [WATCHER]: Processing file changes in outputs
[NX Daemon Server] - 2024-07-31T19:25:53.844Z - [WATCHER]: Processing file changes in outputs
[NX Daemon Server] - 2024-07-31T19:25:53.903Z - [WATCHER]: Processing file changes in outputs
[NX Daemon Server] - 2024-07-31T19:25:53.955Z - [WATCHER]: Processing file changes in outputs
[NX Daemon Server] - 2024-07-31T19:25:54.025Z - [WATCHER]: Processing file changes in outputs
[NX Daemon Server] - 2024-07-31T19:25:54.082Z - [WATCHER]: Processing file changes in outputs
[NX Daemon Server] - 2024-07-31T19:25:54.154Z - [WATCHER]: Processing file changes in outputs
[NX Daemon Server] - 2024-07-31T19:25:54.231Z - [WATCHER]: Processing file changes in outputs
[NX Daemon Server] - 2024-07-31T19:25:54.287Z - [WATCHER]: Processing file changes in outputs
[NX Daemon Server] - 2024-07-31T19:25:54.366Z - [WATCHER]: Processing file changes in outputs
[NX Daemon Server] - 2024-07-31T19:25:54.415Z - [WATCHER]: Processing file changes in outputs
[NX Daemon Server] - 2024-07-31T19:25:54.476Z - [WATCHER]: Processing file changes in outputs
[NX Daemon Server] - 2024-07-31T19:25:54.532Z - [WATCHER]: Processing file changes in outputs
[NX Daemon Server] - 2024-07-31T19:25:54.606Z - [WATCHER]: Processing file changes in outputs
[NX Daemon Server] - 2024-07-31T19:25:54.657Z - [WATCHER]: Processing file changes in outputs
[NX Daemon Server] - 2024-07-31T19:25:54.709Z - [WATCHER]: Processing file changes in outputs
[NX Daemon Server] - 2024-07-31T19:25:54.769Z - [WATCHER]: Processing file changes in outputs
[NX Daemon Server] - 2024-07-31T19:25:54.843Z - [WATCHER]: Processing file changes in outputs
[NX Daemon Server] - 2024-07-31T19:25:54.894Z - [WATCHER]: Processing file changes in outputs
[NX Daemon Server] - 2024-07-31T19:25:54.949Z - [WATCHER]: Processing file changes in outputs
[NX Daemon Server] - 2024-07-31T19:25:55.000Z - [WATCHER]: Processing file changes in outputs
[NX Daemon Server] - 2024-07-31T19:25:55.058Z - [WATCHER]: Processing file changes in outputs
[NX Daemon Server] - 2024-07-31T19:25:55.127Z - [WATCHER]: Processing file changes in outputs
[NX Daemon Server] - 2024-07-31T19:25:55.187Z - [WATCHER]: Processing file changes in outputs
[NX Daemon Server] - 2024-07-31T19:25:55.238Z - [WATCHER]: Processing file changes in outputs
[NX Daemon Server] - 2024-07-31T19:25:55.292Z - [WATCHER]: Processing file changes in outputs
[NX Daemon Server] - 2024-07-31T19:25:55.385Z - [WATCHER]: Processing file changes in outputs
[NX Daemon Server] - 2024-07-31T19:25:55.439Z - [WATCHER]: Processing file changes in outputs
[NX Daemon Server] - 2024-07-31T19:25:55.519Z - [WATCHER]: Processing file changes in outputs
[NX Daemon Server] - 2024-07-31T19:25:55.573Z - [WATCHER]: Processing file changes in outputs
[NX Daemon Server] - 2024-07-31T19:25:55.654Z - [WATCHER]: Processing file changes in outputs
[NX Daemon Server] - 2024-07-31T19:25:55.713Z - [WATCHER]: Processing file changes in outputs
[NX Daemon Server] - 2024-07-31T19:25:55.766Z - [WATCHER]: Processing file changes in outputs
[NX Daemon Server] - 2024-07-31T19:25:55.840Z - [WATCHER]: Processing file changes in outputs
[NX Daemon Server] - 2024-07-31T19:25:55.892Z - [WATCHER]: Processing file changes in outputs
[NX Daemon Server] - 2024-07-31T19:25:55.946Z - [WATCHER]: Processing file changes in outputs
[NX Daemon Server] - 2024-07-31T19:25:56.001Z - [WATCHER]: Processing file changes in outputs
[NX Daemon Server] - 2024-07-31T19:25:56.081Z - [WATCHER]: Processing file changes in outputs
[NX Daemon Server] - 2024-07-31T19:25:56.152Z - [WATCHER]: Processing file changes in outputs
[NX Daemon Server] - 2024-07-31T19:25:56.213Z - [WATCHER]: Processing file changes in outputs
[NX Daemon Server] - 2024-07-31T19:25:56.270Z - [WATCHER]: Processing file changes in outputs
[NX Daemon Server] - 2024-07-31T19:25:56.324Z - [WATCHER]: Processing file changes in outputs
[NX Daemon Server] - 2024-07-31T19:25:56.380Z - [WATCHER]: Processing file changes in outputs
[NX Daemon Server] - 2024-07-31T19:25:56.435Z - [WATCHER]: Processing file changes in outputs
[NX Daemon Server] - 2024-07-31T19:25:56.500Z - [WATCHER]: Processing file changes in outputs
[NX Daemon Server] - 2024-07-31T19:25:56.588Z - [WATCHER]: Processing file changes in outputs
[NX Daemon Server] - 2024-07-31T19:25:56.650Z - [WATCHER]: Processing file changes in outputs
[NX Daemon Server] - 2024-07-31T19:25:56.710Z - [WATCHER]: Processing file changes in outputs
[NX Daemon Server] - 2024-07-31T19:25:56.769Z - [WATCHER]: Processing file changes in outputs
[NX Daemon Server] - 2024-07-31T19:25:56.851Z - [WATCHER]: Processing file changes in outputs
[NX Daemon Server] - 2024-07-31T19:25:56.906Z - [WATCHER]: Processing file changes in outputs
[NX Daemon Server] - 2024-07-31T19:25:56.967Z - [WATCHER]: Processing file changes in outputs
[NX Daemon Server] - 2024-07-31T19:25:57.058Z - [WATCHER]: Processing file changes in outputs
[NX Daemon Server] - 2024-07-31T19:25:57.122Z - [WATCHER]: Processing file changes in outputs
[NX Daemon Server] - 2024-07-31T19:25:57.180Z - [WATCHER]: Processing file changes in outputs
[NX Daemon Server] - 2024-07-31T19:25:57.239Z - [WATCHER]: Processing file changes in outputs
[NX Daemon Server] - 2024-07-31T19:25:57.299Z - [WATCHER]: Processing file changes in outputs
[NX Daemon Server] - 2024-07-31T19:25:57.351Z - [WATCHER]: Processing file changes in outputs
[NX Daemon Server] - 2024-07-31T19:25:57.404Z - [WATCHER]: Processing file changes in outputs
[NX Daemon Server] - 2024-07-31T19:25:57.460Z - [WATCHER]: Processing file changes in outputs
[NX Daemon Server] - 2024-07-31T19:25:57.525Z - [WATCHER]: Processing file changes in outputs
[NX Daemon Server] - 2024-07-31T19:25:57.581Z - [WATCHER]: Processing file changes in outputs
[NX Daemon Server] - 2024-07-31T19:25:57.642Z - [WATCHER]: Processing file changes in outputs
[NX Daemon Server] - 2024-07-31T19:25:57.695Z - [WATCHER]: Processing file changes in outputs
[NX Daemon Server] - 2024-07-31T19:25:57.760Z - [WATCHER]: Processing file changes in outputs
[NX Daemon Server] - 2024-07-31T19:25:57.812Z - [WATCHER]: Processing file changes in outputs
[NX Daemon Server] - 2024-07-31T19:25:57.874Z - [WATCHER]: Processing file changes in outputs
[NX Daemon Server] - 2024-07-31T19:25:57.932Z - [WATCHER]: Processing file changes in outputs
[NX Daemon Server] - 2024-07-31T19:25:57.983Z - [WATCHER]: Processing file changes in outputs
[NX Daemon Server] - 2024-07-31T19:25:58.046Z - [WATCHER]: Processing file changes in outputs
[NX Daemon Server] - 2024-07-31T19:25:58.102Z - [WATCHER]: Processing file changes in outputs
[NX Daemon Server] - 2024-07-31T19:25:58.177Z - [WATCHER]: Processing file changes in outputs
[NX Daemon Server] - 2024-07-31T19:25:58.246Z - [WATCHER]: Processing file changes in outputs
[NX Daemon Server] - 2024-07-31T19:25:58.299Z - [WATCHER]: Processing file changes in outputs
[NX Daemon Server] - 2024-07-31T19:25:58.351Z - [WATCHER]: Processing file changes in outputs
[NX Daemon Server] - 2024-07-31T19:25:58.404Z - [WATCHER]: Processing file changes in outputs
[NX Daemon Server] - 2024-07-31T19:25:58.459Z - [WATCHER]: Processing file changes in outputs
[NX Daemon Server] - 2024-07-31T19:25:58.554Z - [WATCHER]: Processing file changes in outputs
[NX Daemon Server] - 2024-07-31T19:25:58.611Z - [WATCHER]: Processing file changes in outputs
[NX Daemon Server] - 2024-07-31T19:25:58.675Z - [WATCHER]: Processing file changes in outputs
[NX Daemon Server] - 2024-07-31T19:25:58.727Z - [WATCHER]: Processing file changes in outputs
[NX Daemon Server] - 2024-07-31T19:25:58.801Z - [WATCHER]: Processing file changes in outputs
[NX Daemon Server] - 2024-07-31T19:25:58.860Z - [WATCHER]: Processing file changes in outputs
[NX Daemon Server] - 2024-07-31T19:25:58.914Z - [WATCHER]: Processing file changes in outputs
[NX Daemon Server] - 2024-07-31T19:25:58.994Z - [WATCHER]: Processing file changes in outputs
[NX Daemon Server] - 2024-07-31T19:25:59.054Z - [WATCHER]: Processing file changes in outputs
[NX Daemon Server] - 2024-07-31T19:25:59.109Z - [WATCHER]: Processing file changes in outputs
[NX Daemon Server] - 2024-07-31T19:25:59.162Z - [WATCHER]: Processing file changes in outputs
[NX Daemon Server] - 2024-07-31T19:25:59.217Z - [WATCHER]: Processing file changes in outputs
[NX Daemon Server] - 2024-07-31T19:25:59.281Z - [WATCHER]: Processing file changes in outputs
[NX Daemon Server] - 2024-07-31T19:25:59.344Z - [WATCHER]: Processing file changes in outputs
[NX Daemon Server] - 2024-07-31T19:25:59.408Z - [WATCHER]: Processing file changes in outputs
[NX Daemon Server] - 2024-07-31T19:25:59.466Z - [WATCHER]: Processing file changes in outputs
[NX Daemon Server] - 2024-07-31T19:25:59.521Z - [WATCHER]: Processing file changes in outputs
[NX Daemon Server] - 2024-07-31T19:25:59.589Z - [WATCHER]: Processing file changes in outputs
[NX Daemon Server] - 2024-07-31T19:25:59.645Z - [WATCHER]: Processing file changes in outputs
[NX Daemon Server] - 2024-07-31T19:25:59.703Z - [WATCHER]: Processing file changes in outputs
[NX Daemon Server] - 2024-07-31T19:25:59.766Z - [WATCHER]: Processing file changes in outputs
[NX Daemon Server] - 2024-07-31T19:25:59.843Z - [WATCHER]: Processing file changes in outputs
[NX Daemon Server] - 2024-07-31T19:25:59.914Z - [WATCHER]: Processing file changes in outputs
[NX Daemon Server] - 2024-07-31T19:25:59.976Z - [WATCHER]: Processing file changes in outputs
[NX Daemon Server] - 2024-07-31T19:26:00.040Z - [WATCHER]: Processing file changes in outputs
[NX Daemon Server] - 2024-07-31T19:26:00.126Z - [WATCHER]: Processing file changes in outputs
[NX Daemon Server] - 2024-07-31T19:26:00.181Z - [WATCHER]: Processing file changes in outputs
[NX Daemon Server] - 2024-07-31T19:26:00.243Z - [WATCHER]: Processing file changes in outputs
[NX Daemon Server] - 2024-07-31T19:26:00.312Z - [WATCHER]: Processing file changes in outputs
[NX Daemon Server] - 2024-07-31T19:26:00.373Z - [WATCHER]: Processing file changes in outputs
[NX Daemon Server] - 2024-07-31T19:26:00.445Z - [WATCHER]: Processing file changes in outputs
[NX Daemon Server] - 2024-07-31T19:26:00.501Z - [WATCHER]: Processing file changes in outputs
[NX Daemon Server] - 2024-07-31T19:26:00.582Z - [WATCHER]: Processing file changes in outputs
[NX Daemon Server] - 2024-07-31T19:26:00.635Z - [WATCHER]: Processing file changes in outputs
[NX Daemon Server] - 2024-07-31T19:26:00.700Z - [WATCHER]: Processing file changes in outputs
[NX Daemon Server] - 2024-07-31T19:26:00.758Z - [WATCHER]: Processing file changes in outputs
[NX Daemon Server] - 2024-07-31T19:26:00.821Z - [WATCHER]: Processing file changes in outputs
[NX Daemon Server] - 2024-07-31T19:26:00.881Z - [WATCHER]: Processing file changes in outputs
[NX Daemon Server] - 2024-07-31T19:26:00.934Z - [WATCHER]: Processing file changes in outputs
[NX Daemon Server] - 2024-07-31T19:26:01.028Z - [WATCHER]: Processing file changes in outputs
[NX Daemon Server] - 2024-07-31T19:26:01.081Z - [WATCHER]: Processing file changes in outputs
[NX Daemon Server] - 2024-07-31T19:26:01.137Z - [WATCHER]: Processing file changes in outputs
[NX Daemon Server] - 2024-07-31T19:26:01.223Z - [WATCHER]: Processing file changes in outputs
[NX Daemon Server] - 2024-07-31T19:26:01.275Z - [WATCHER]: Processing file changes in outputs
[NX Daemon Server] - 2024-07-31T19:26:01.328Z - [WATCHER]: Processing file changes in outputs
[NX Daemon Server] - 2024-07-31T19:26:01.395Z - [WATCHER]: Processing file changes in outputs
[NX Daemon Server] - 2024-07-31T19:26:01.447Z - [WATCHER]: Processing file changes in outputs
[NX Daemon Server] - 2024-07-31T19:26:01.500Z - [WATCHER]: Processing file changes in outputs
[NX Daemon Server] - 2024-07-31T19:26:01.556Z - [WATCHER]: Processing file changes in outputs
[NX Daemon Server] - 2024-07-31T19:26:01.617Z - [WATCHER]: Processing file changes in outputs
[NX Daemon Server] - 2024-07-31T19:26:01.669Z - [WATCHER]: Processing file changes in outputs
[NX Daemon Server] - 2024-07-31T19:26:01.735Z - [WATCHER]: Processing file changes in outputs
[NX Daemon Server] - 2024-07-31T19:26:01.799Z - [WATCHER]: Processing file changes in outputs
[NX Daemon Server] - 2024-07-31T19:26:01.864Z - [WATCHER]: Processing file changes in outputs
[NX Daemon Server] - 2024-07-31T19:26:01.942Z - [WATCHER]: Processing file changes in outputs
[NX Daemon Server] - 2024-07-31T19:26:01.993Z - [WATCHER]: Processing file changes in outputs
[NX Daemon Server] - 2024-07-31T19:26:02.047Z - [WATCHER]: Processing file changes in outputs
[NX Daemon Server] - 2024-07-31T19:26:02.109Z - [WATCHER]: Processing file changes in outputs
[NX Daemon Server] - 2024-07-31T19:26:02.178Z - [WATCHER]: Processing file changes in outputs
[NX Daemon Server] - 2024-07-31T19:26:02.235Z - [WATCHER]: Processing file changes in outputs
[NX Daemon Server] - 2024-07-31T19:26:02.300Z - [WATCHER]: Processing file changes in outputs
[NX Daemon Server] - 2024-07-31T19:26:02.356Z - [WATCHER]: Processing file changes in outputs
[NX Daemon Server] - 2024-07-31T19:26:02.409Z - [WATCHER]: Processing file changes in outputs
[NX Daemon Server] - 2024-07-31T19:26:02.462Z - [WATCHER]: Processing file changes in outputs
[NX Daemon Server] - 2024-07-31T19:26:02.524Z - [WATCHER]: Processing file changes in outputs
[NX Daemon Server] - 2024-07-31T19:26:02.580Z - [WATCHER]: Processing file changes in outputs
[NX Daemon Server] - 2024-07-31T19:26:02.634Z - [WATCHER]: Processing file changes in outputs
[NX Daemon Server] - 2024-07-31T19:26:02.710Z - [WATCHER]: Processing file changes in outputs
[NX Daemon Server] - 2024-07-31T19:26:02.797Z - [WATCHER]: Processing file changes in outputs
[NX Daemon Server] - 2024-07-31T19:26:02.868Z - [WATCHER]: Processing file changes in outputs
[NX Daemon Server] - 2024-07-31T19:26:02.922Z - [WATCHER]: Processing file changes in outputs
[NX Daemon Server] - 2024-07-31T19:26:02.996Z - [WATCHER]: Processing file changes in outputs
[NX Daemon Server] - 2024-07-31T19:26:03.053Z - [WATCHER]: Processing file changes in outputs
[NX Daemon Server] - 2024-07-31T19:26:03.103Z - [WATCHER]: Processing file changes in outputs
[NX Daemon Server] - 2024-07-31T19:26:03.204Z - [WATCHER]: Processing file changes in outputs
[NX Daemon Server] - 2024-07-31T19:26:03.267Z - [WATCHER]: Processing file changes in outputs
[NX Daemon Server] - 2024-07-31T19:26:03.329Z - [WATCHER]: Processing file changes in outputs
[NX Daemon Server] - 2024-07-31T19:26:03.414Z - [WATCHER]: Processing file changes in outputs
[NX Daemon Server] - 2024-07-31T19:26:03.470Z - [WATCHER]: Processing file changes in outputs
[NX Daemon Server] - 2024-07-31T19:26:03.530Z - [WATCHER]: Processing file changes in outputs
[NX Daemon Server] - 2024-07-31T19:26:03.593Z - [WATCHER]: Processing file changes in outputs
[NX Daemon Server] - 2024-07-31T19:26:03.652Z - [WATCHER]: Processing file changes in outputs
[NX Daemon Server] - 2024-07-31T19:26:03.703Z - [WATCHER]: Processing file changes in outputs
[NX Daemon Server] - 2024-07-31T19:26:03.762Z - [WATCHER]: Processing file changes in outputs
[NX Daemon Server] - 2024-07-31T19:26:03.830Z - [WATCHER]: Processing file changes in outputs
[NX Daemon Server] - 2024-07-31T19:26:03.885Z - [WATCHER]: Processing file changes in outputs
[NX Daemon Server] - 2024-07-31T19:26:03.963Z - [WATCHER]: Processing file changes in outputs
[NX Daemon Server] - 2024-07-31T19:26:04.022Z - [WATCHER]: Processing file changes in outputs
[NX Daemon Server] - 2024-07-31T19:26:04.098Z - [WATCHER]: Processing file changes in outputs
[NX Daemon Server] - 2024-07-31T19:26:04.151Z - [WATCHER]: Processing file changes in outputs
[NX Daemon Server] - 2024-07-31T19:26:04.232Z - [WATCHER]: Processing file changes in outputs
[NX Daemon Server] - 2024-07-31T19:26:04.284Z - [WATCHER]: Processing file changes in outputs
[NX Daemon Server] - 2024-07-31T19:26:04.339Z - [WATCHER]: Processing file changes in outputs
[NX Daemon Server] - 2024-07-31T19:26:04.400Z - [WATCHER]: Processing file changes in outputs
[NX Daemon Server] - 2024-07-31T19:26:04.458Z - [WATCHER]: Processing file changes in outputs
[NX Daemon Server] - 2024-07-31T19:26:04.528Z - [WATCHER]: Processing file changes in outputs
[NX Daemon Server] - 2024-07-31T19:26:04.593Z - [WATCHER]: Processing file changes in outputs
[NX Daemon Server] - 2024-07-31T19:26:04.653Z - [WATCHER]: Processing file changes in outputs
[NX Daemon Server] - 2024-07-31T19:26:04.705Z - [WATCHER]: Processing file changes in outputs
[NX Daemon Server] - 2024-07-31T19:26:04.766Z - [WATCHER]: Processing file changes in outputs
[NX Daemon Server] - 2024-07-31T19:26:04.838Z - [WATCHER]: Processing file changes in outputs
[NX Daemon Server] - 2024-07-31T19:26:04.945Z - [WATCHER]: Processing file changes in outputs
[NX Daemon Server] - 2024-07-31T19:26:04.999Z - [WATCHER]: Processing file changes in outputs
[NX Daemon Server] - 2024-07-31T19:26:05.068Z - [WATCHER]: Processing file changes in outputs
[NX Daemon Server] - 2024-07-31T19:26:05.119Z - [WATCHER]: Processing file changes in outputs
[NX Daemon Server] - 2024-07-31T19:26:05.180Z - [WATCHER]: Processing file changes in outputs
[NX Daemon Server] - 2024-07-31T19:26:05.258Z - [WATCHER]: Processing file changes in outputs
[NX Daemon Server] - 2024-07-31T19:26:05.312Z - [WATCHER]: Processing file changes in outputs
[NX Daemon Server] - 2024-07-31T19:26:05.364Z - [WATCHER]: Processing file changes in outputs
[NX Daemon Server] - 2024-07-31T19:26:05.431Z - [WATCHER]: Processing file changes in outputs
[NX Daemon Server] - 2024-07-31T19:26:05.502Z - [WATCHER]: Processing file changes in outputs
[NX Daemon Server] - 2024-07-31T19:26:05.559Z - [WATCHER]: Processing file changes in outputs
[NX Daemon Server] - 2024-07-31T19:26:05.638Z - [WATCHER]: Processing file changes in outputs
[NX Daemon Server] - 2024-07-31T19:26:05.704Z - [WATCHER]: Processing file changes in outputs
[NX Daemon Server] - 2024-07-31T19:26:05.773Z - [WATCHER]: Processing file changes in outputs
[NX Daemon Server] - 2024-07-31T19:26:05.824Z - [WATCHER]: Processing file changes in outputs
[NX Daemon Server] - 2024-07-31T19:26:05.890Z - [WATCHER]: Processing file changes in outputs
[NX Daemon Server] - 2024-07-31T19:26:05.953Z - [WATCHER]: Processing file changes in outputs
[NX Daemon Server] - 2024-07-31T19:26:06.006Z - [WATCHER]: Processing file changes in outputs
[NX Daemon Server] - 2024-07-31T19:26:06.076Z - [WATCHER]: Processing file changes in outputs
[NX Daemon Server] - 2024-07-31T19:26:06.137Z - [WATCHER]: Processing file changes in outputs
[NX Daemon Server] - 2024-07-31T19:26:06.196Z - [WATCHER]: Processing file changes in outputs
[NX Daemon Server] - 2024-07-31T19:26:06.249Z - [WATCHER]: Processing file changes in outputs
[NX Daemon Server] - 2024-07-31T19:26:06.325Z - [WATCHER]: Processing file changes in outputs
[NX Daemon Server] - 2024-07-31T19:26:06.434Z - [WATCHER]: Processing file changes in outputs
[NX Daemon Server] - 2024-07-31T19:26:06.502Z - [WATCHER]: Processing file changes in outputs
[NX Daemon Server] - 2024-07-31T19:26:06.560Z - [WATCHER]: Processing file changes in outputs
[NX Daemon Server] - 2024-07-31T19:26:06.618Z - [WATCHER]: Processing file changes in outputs
[NX Daemon Server] - 2024-07-31T19:26:06.690Z - [WATCHER]: Processing file changes in outputs
[NX Daemon Server] - 2024-07-31T19:26:06.752Z - [WATCHER]: Processing file changes in outputs
[NX Daemon Server] - 2024-07-31T19:26:06.844Z - [WATCHER]: Processing file changes in outputs
[NX Daemon Server] - 2024-07-31T19:26:06.900Z - [WATCHER]: Processing file changes in outputs
[NX Daemon Server] - 2024-07-31T19:26:06.952Z - [WATCHER]: Processing file changes in outputs
[NX Daemon Server] - 2024-07-31T19:26:07.010Z - [WATCHER]: Processing file changes in outputs
[NX Daemon Server] - 2024-07-31T19:26:07.066Z - [WATCHER]: Processing file changes in outputs
[NX Daemon Server] - 2024-07-31T19:26:07.124Z - [WATCHER]: Processing file changes in outputs
[NX Daemon Server] - 2024-07-31T19:26:07.177Z - [WATCHER]: Processing file changes in outputs
[NX Daemon Server] - 2024-07-31T19:26:07.256Z - [WATCHER]: Processing file changes in outputs
[NX Daemon Server] - 2024-07-31T19:26:07.340Z - [WATCHER]: Processing file changes in outputs
[NX Daemon Server] - 2024-07-31T19:26:07.416Z - [WATCHER]: Processing file changes in outputs
[NX Daemon Server] - 2024-07-31T19:26:07.494Z - [WATCHER]: Processing file changes in outputs
[NX Daemon Server] - 2024-07-31T19:26:07.561Z - [WATCHER]: Processing file changes in outputs
[NX Daemon Server] - 2024-07-31T19:26:07.616Z - [WATCHER]: Processing file changes in outputs
[NX Daemon Server] - 2024-07-31T19:26:07.679Z - [WATCHER]: Processing file changes in outputs
[NX Daemon Server] - 2024-07-31T19:26:07.742Z - [WATCHER]: Processing file changes in outputs
[NX Daemon Server] - 2024-07-31T19:26:07.795Z - [WATCHER]: Processing file changes in outputs
[NX Daemon Server] - 2024-07-31T19:26:07.876Z - [WATCHER]: Processing file changes in outputs
[NX Daemon Server] - 2024-07-31T19:26:07.939Z - [WATCHER]: Processing file changes in outputs
[NX Daemon Server] - 2024-07-31T19:26:07.997Z - [WATCHER]: Processing file changes in outputs
[NX Daemon Server] - 2024-07-31T19:26:08.056Z - [WATCHER]: Processing file changes in outputs
[NX Daemon Server] - 2024-07-31T19:26:08.108Z - [WATCHER]: Processing file changes in outputs
[NX Daemon Server] - 2024-07-31T19:26:08.172Z - [WATCHER]: Processing file changes in outputs
[NX Daemon Server] - 2024-07-31T19:26:08.225Z - [WATCHER]: Processing file changes in outputs
[NX Daemon Server] - 2024-07-31T19:26:08.286Z - [WATCHER]: Processing file changes in outputs
[NX Daemon Server] - 2024-07-31T19:26:08.345Z - [WATCHER]: Processing file changes in outputs
[NX Daemon Server] - 2024-07-31T19:26:08.398Z - [WATCHER]: Processing file changes in outputs
[NX Daemon Server] - 2024-07-31T19:26:08.478Z - [WATCHER]: Processing file changes in outputs
[NX Daemon Server] - 2024-07-31T19:26:08.537Z - [WATCHER]: Processing file changes in outputs
[NX Daemon Server] - 2024-07-31T19:26:08.604Z - [WATCHER]: Processing file changes in outputs
[NX Daemon Server] - 2024-07-31T19:26:08.660Z - [WATCHER]: Processing file changes in outputs
[NX Daemon Server] - 2024-07-31T19:26:08.711Z - [WATCHER]: Processing file changes in outputs
[NX Daemon Server] - 2024-07-31T19:26:08.774Z - [WATCHER]: Processing file changes in outputs
[NX Daemon Server] - 2024-07-31T19:26:08.837Z - [WATCHER]: Processing file changes in outputs
[NX Daemon Server] - 2024-07-31T19:26:08.914Z - [WATCHER]: Processing file changes in outputs
[NX Daemon Server] - 2024-07-31T19:26:08.968Z - [WATCHER]: Processing file changes in outputs
[NX Daemon Server] - 2024-07-31T19:26:09.026Z - [WATCHER]: Processing file changes in outputs
[NX Daemon Server] - 2024-07-31T19:26:09.092Z - [WATCHER]: Processing file changes in outputs
[NX Daemon Server] - 2024-07-31T19:26:09.146Z - [WATCHER]: Processing file changes in outputs
[NX Daemon Server] - 2024-07-31T19:26:09.204Z - [WATCHER]: Processing file changes in outputs
[NX Daemon Server] - 2024-07-31T19:26:09.259Z - [WATCHER]: Processing file changes in outputs
[NX Daemon Server] - 2024-07-31T19:26:09.319Z - [WATCHER]: Processing file changes in outputs
[NX Daemon Server] - 2024-07-31T19:26:09.380Z - [WATCHER]: Processing file changes in outputs
[NX Daemon Server] - 2024-07-31T19:26:09.437Z - [WATCHER]: Processing file changes in outputs
[NX Daemon Server] - 2024-07-31T19:26:09.510Z - [WATCHER]: Processing file changes in outputs
[NX Daemon Server] - 2024-07-31T19:26:09.571Z - [WATCHER]: Processing file changes in outputs
[NX Daemon Server] - 2024-07-31T19:26:09.638Z - [WATCHER]: Processing file changes in outputs
[NX Daemon Server] - 2024-07-31T19:26:09.691Z - [WATCHER]: Processing file changes in outputs
[NX Daemon Server] - 2024-07-31T19:26:09.790Z - [WATCHER]: Processing file changes in outputs
[NX Daemon Server] - 2024-07-31T19:26:09.850Z - [WATCHER]: Processing file changes in outputs
[NX Daemon Server] - 2024-07-31T19:26:09.905Z - [WATCHER]: Processing file changes in outputs
[NX Daemon Server] - 2024-07-31T19:26:09.976Z - [WATCHER]: Processing file changes in outputs
[NX Daemon Server] - 2024-07-31T19:26:10.047Z - [WATCHER]: Processing file changes in outputs
[NX Daemon Server] - 2024-07-31T19:26:10.118Z - [WATCHER]: Processing file changes in outputs
[NX Daemon Server] - 2024-07-31T19:26:10.203Z - [WATCHER]: Processing file changes in outputs
[NX Daemon Server] - 2024-07-31T19:26:10.265Z - [WATCHER]: Processing file changes in outputs
[NX Daemon Server] - 2024-07-31T19:26:10.331Z - [WATCHER]: Processing file changes in outputs
[NX Daemon Server] - 2024-07-31T19:26:10.394Z - [WATCHER]: Processing file changes in outputs
[NX Daemon Server] - 2024-07-31T19:26:10.453Z - [WATCHER]: Processing file changes in outputs
[NX Daemon Server] - 2024-07-31T19:26:10.513Z - [WATCHER]: Processing file changes in outputs
[NX Daemon Server] - 2024-07-31T19:26:10.579Z - [WATCHER]: Processing file changes in outputs
[NX Daemon Server] - 2024-07-31T19:26:10.631Z - [WATCHER]: Processing file changes in outputs
[NX Daemon Server] - 2024-07-31T19:26:10.699Z - [WATCHER]: Processing file changes in outputs
[NX Daemon Server] - 2024-07-31T19:26:10.768Z - [WATCHER]: Processing file changes in outputs
[NX Daemon Server] - 2024-07-31T19:26:10.843Z - [WATCHER]: Processing file changes in outputs
[NX Daemon Server] - 2024-07-31T19:26:10.907Z - [WATCHER]: Processing file changes in outputs
[NX Daemon Server] - 2024-07-31T19:26:10.961Z - [WATCHER]: Processing file changes in outputs
[NX Daemon Server] - 2024-07-31T19:26:11.023Z - [WATCHER]: Processing file changes in outputs
[NX Daemon Server] - 2024-07-31T19:26:11.114Z - [WATCHER]: Processing file changes in outputs
[NX Daemon Server] - 2024-07-31T19:26:11.190Z - [WATCHER]: Processing file changes in outputs
[NX Daemon Server] - 2024-07-31T19:26:11.264Z - [WATCHER]: Processing file changes in outputs
[NX Daemon Server] - 2024-07-31T19:26:11.331Z - [WATCHER]: Processing file changes in outputs
[NX Daemon Server] - 2024-07-31T19:26:11.415Z - [WATCHER]: Processing file changes in outputs
[NX Daemon Server] - 2024-07-31T19:26:11.475Z - [WATCHER]: Processing file changes in outputs
[NX Daemon Server] - 2024-07-31T19:26:11.541Z - [WATCHER]: Processing file changes in outputs
[NX Daemon Server] - 2024-07-31T19:26:11.598Z - [WATCHER]: Processing file changes in outputs
[NX Daemon Server] - 2024-07-31T19:26:11.661Z - [WATCHER]: Processing file changes in outputs
[NX Daemon Server] - 2024-07-31T19:26:11.724Z - [WATCHER]: Processing file changes in outputs
[NX Daemon Server] - 2024-07-31T19:26:11.801Z - [WATCHER]: Processing file changes in outputs
[NX Daemon Server] - 2024-07-31T19:26:11.867Z - [WATCHER]: Processing file changes in outputs
[NX Daemon Server] - 2024-07-31T19:26:11.917Z - [WATCHER]: Processing file changes in outputs
[NX Daemon Server] - 2024-07-31T19:26:11.970Z - [WATCHER]: Processing file changes in outputs
[NX Daemon Server] - 2024-07-31T19:26:12.031Z - [WATCHER]: Processing file changes in outputs
[NX Daemon Server] - 2024-07-31T19:26:12.091Z - [WATCHER]: Processing file changes in outputs
[NX Daemon Server] - 2024-07-31T19:26:12.146Z - [WATCHER]: Processing file changes in outputs
[NX Daemon Server] - 2024-07-31T19:26:12.210Z - [WATCHER]: Processing file changes in outputs
[NX Daemon Server] - 2024-07-31T19:26:12.284Z - [WATCHER]: Processing file changes in outputs
[NX Daemon Server] - 2024-07-31T19:26:12.338Z - [WATCHER]: Processing file changes in outputs
[NX Daemon Server] - 2024-07-31T19:26:12.413Z - [WATCHER]: Processing file changes in outputs
[NX Daemon Server] - 2024-07-31T19:26:12.475Z - [WATCHER]: Processing file changes in outputs
[NX Daemon Server] - 2024-07-31T19:26:12.529Z - [WATCHER]: Processing file changes in outputs
[NX Daemon Server] - 2024-07-31T19:26:12.584Z - [WATCHER]: Processing file changes in outputs
[NX Daemon Server] - 2024-07-31T19:26:12.638Z - [WATCHER]: Processing file changes in outputs
[NX Daemon Server] - 2024-07-31T19:26:12.699Z - [WATCHER]: Processing file changes in outputs
[NX Daemon Server] - 2024-07-31T19:26:12.768Z - [WATCHER]: Processing file changes in outputs
[NX Daemon Server] - 2024-07-31T19:26:12.825Z - [WATCHER]: Processing file changes in outputs
[NX Daemon Server] - 2024-07-31T19:26:12.888Z - [WATCHER]: Processing file changes in outputs
[NX Daemon Server] - 2024-07-31T19:26:12.965Z - [WATCHER]: Processing file changes in outputs
[NX Daemon Server] - 2024-07-31T19:26:13.019Z - [WATCHER]: Processing file changes in outputs
[NX Daemon Server] - 2024-07-31T19:26:13.087Z - [WATCHER]: Processing file changes in outputs
[NX Daemon Server] - 2024-07-31T19:26:13.155Z - [WATCHER]: Processing file changes in outputs
[NX Daemon Server] - 2024-07-31T19:26:13.219Z - [WATCHER]: Processing file changes in outputs
[NX Daemon Server] - 2024-07-31T19:26:13.276Z - [WATCHER]: Processing file changes in outputs
[NX Daemon Server] - 2024-07-31T19:26:13.329Z - [WATCHER]: Processing file changes in outputs
[NX Daemon Server] - 2024-07-31T19:26:13.406Z - [WATCHER]: Processing file changes in outputs
[NX Daemon Server] - 2024-07-31T19:26:13.467Z - [WATCHER]: Processing file changes in outputs
[NX Daemon Server] - 2024-07-31T19:26:13.522Z - [WATCHER]: Processing file changes in outputs
[NX Daemon Server] - 2024-07-31T19:26:13.583Z - [WATCHER]: Processing file changes in outputs
[NX Daemon Server] - 2024-07-31T19:26:13.638Z - [WATCHER]: Processing file changes in outputs
[NX Daemon Server] - 2024-07-31T19:26:13.697Z - [WATCHER]: Processing file changes in outputs
[NX Daemon Server] - 2024-07-31T19:26:13.749Z - [WATCHER]: Processing file changes in outputs
[NX Daemon Server] - 2024-07-31T19:26:13.809Z - [WATCHER]: Processing file changes in outputs
[NX Daemon Server] - 2024-07-31T19:26:13.873Z - [WATCHER]: Processing file changes in outputs
[NX Daemon Server] - 2024-07-31T19:26:13.926Z - [WATCHER]: Processing file changes in outputs
[NX Daemon Server] - 2024-07-31T19:26:13.986Z - [WATCHER]: Processing file changes in outputs
[NX Daemon Server] - 2024-07-31T19:26:14.042Z - [WATCHER]: Processing file changes in outputs
[NX Daemon Server] - 2024-07-31T19:26:14.115Z - [WATCHER]: Processing file changes in outputs
[NX Daemon Server] - 2024-07-31T19:26:14.190Z - [WATCHER]: Processing file changes in outputs
[NX Daemon Server] - 2024-07-31T19:26:14.253Z - [WATCHER]: Processing file changes in outputs
[NX Daemon Server] - 2024-07-31T19:26:14.313Z - [WATCHER]: Processing file changes in outputs
[NX Daemon Server] - 2024-07-31T19:26:14.372Z - [WATCHER]: Processing file changes in outputs
[NX Daemon Server] - 2024-07-31T19:26:14.423Z - [WATCHER]: Processing file changes in outputs
[NX Daemon Server] - 2024-07-31T19:26:14.475Z - [WATCHER]: Processing file changes in outputs
[NX Daemon Server] - 2024-07-31T19:26:14.534Z - [WATCHER]: Processing file changes in outputs
[NX Daemon Server] - 2024-07-31T19:26:14.588Z - [WATCHER]: Processing file changes in outputs
[NX Daemon Server] - 2024-07-31T19:26:14.644Z - [WATCHER]: Processing file changes in outputs
[NX Daemon Server] - 2024-07-31T19:26:14.714Z - [WATCHER]: Processing file changes in outputs
[NX Daemon Server] - 2024-07-31T19:26:14.767Z - [WATCHER]: Processing file changes in outputs
[NX Daemon Server] - 2024-07-31T19:26:14.824Z - [WATCHER]: Processing file changes in outputs
[NX Daemon Server] - 2024-07-31T19:26:14.893Z - [WATCHER]: Processing file changes in outputs
[NX Daemon Server] - 2024-07-31T19:26:14.900Z - Established a connection. Number of open connections: 6
[NX Daemon Server] - 2024-07-31T19:26:14.901Z - Established a connection. Number of open connections: 7
[NX Daemon Server] - 2024-07-31T19:26:14.901Z - Closed a connection. Number of open connections: 6
[NX Daemon Server] - 2024-07-31T19:26:14.905Z - [REQUEST]: Client Request for Project Graph Received
[NX Daemon Server] - 2024-07-31T19:26:14.906Z - [REQUEST]: Responding to the client. project-graph
[NX Daemon Server] - 2024-07-31T19:26:14.910Z - Time taken for 'total for creating and serializing project graph' 0.6782090002670884ms
[NX Daemon Server] - 2024-07-31T19:26:14.950Z - Done responding to the client project-graph
[NX Daemon Server] - 2024-07-31T19:26:14.950Z - Handled REQUEST_PROJECT_GRAPH. Handling time: 1. Response time: 44.
[NX Daemon Server] - 2024-07-31T19:26:14.952Z - [WATCHER]: Processing file changes in outputs
[NX Daemon Server] - 2024-07-31T19:26:15.011Z - [REQUEST]: Responding to the client. handleHashTasks
[NX Daemon Server] - 2024-07-31T19:26:15.011Z - [WATCHER]: Processing file changes in outputs
[NX Daemon Server] - 2024-07-31T19:26:15.012Z - Done responding to the client handleHashTasks
[NX Daemon Server] - 2024-07-31T19:26:15.012Z - Handled HASH_TASKS. Handling time: 20. Response time: 1.
[NX Daemon Server] - 2024-07-31T19:26:15.078Z - [WATCHER]: Processing file changes in outputs
[NX Daemon Server] - 2024-07-31T19:26:15.134Z - [WATCHER]: Processing file changes in outputs
[NX Daemon Server] - 2024-07-31T19:26:15.199Z - [WATCHER]: Processing file changes in outputs
[NX Daemon Server] - 2024-07-31T19:26:15.255Z - [WATCHER]: Processing file changes in outputs
[NX Daemon Server] - 2024-07-31T19:26:15.313Z - [WATCHER]: Processing file changes in outputs
[NX Daemon Server] - 2024-07-31T19:26:15.377Z - [WATCHER]: Processing file changes in outputs
[NX Daemon Server] - 2024-07-31T19:26:15.449Z - [WATCHER]: Processing file changes in outputs
[NX Daemon Server] - 2024-07-31T19:26:15.509Z - [WATCHER]: Processing file changes in outputs
[NX Daemon Server] - 2024-07-31T19:26:15.582Z - [WATCHER]: Processing file changes in outputs
[NX Daemon Server] - 2024-07-31T19:26:15.651Z - [WATCHER]: Processing file changes in outputs
[NX Daemon Server] - 2024-07-31T19:26:15.722Z - [WATCHER]: Processing file changes in outputs
[NX Daemon Server] - 2024-07-31T19:26:15.804Z - [WATCHER]: Processing file changes in outputs
[NX Daemon Server] - 2024-07-31T19:26:15.869Z - [WATCHER]: Processing file changes in outputs
[NX Daemon Server] - 2024-07-31T19:26:15.925Z - [WATCHER]: Processing file changes in outputs
[NX Daemon Server] - 2024-07-31T19:26:15.997Z - Established a connection. Number of open connections: 7
[NX Daemon Server] - 2024-07-31T19:26:15.998Z - Closed a connection. Number of open connections: 6
[NX Daemon Server] - 2024-07-31T19:26:15.998Z - Established a connection. Number of open connections: 7
[NX Daemon Server] - 2024-07-31T19:26:15.999Z - [REQUEST]: Client Request for Project Graph Received
[NX Daemon Server] - 2024-07-31T19:26:16.000Z - [REQUEST]: Responding to the client. project-graph
[NX Daemon Server] - 2024-07-31T19:26:16.001Z - Time taken for 'total for creating and serializing project graph' 0.4997499994933605ms
[NX Daemon Server] - 2024-07-31T19:26:16.002Z - [WATCHER]: Processing file changes in outputs
[NX Daemon Server] - 2024-07-31T19:26:16.006Z - Done responding to the client project-graph
[NX Daemon Server] - 2024-07-31T19:26:16.006Z - Handled REQUEST_PROJECT_GRAPH. Handling time: 1. Response time: 6.
[NX Daemon Server] - 2024-07-31T19:26:16.061Z - [WATCHER]: Processing file changes in outputs
[NX Daemon Server] - 2024-07-31T19:26:16.125Z - [WATCHER]: Processing file changes in outputs
[NX Daemon Server] - 2024-07-31T19:26:16.181Z - [WATCHER]: Processing file changes in outputs
[NX Daemon Server] - 2024-07-31T19:26:16.237Z - [WATCHER]: Processing file changes in outputs
[NX Daemon Server] - 2024-07-31T19:26:16.294Z - [WATCHER]: Processing file changes in outputs
[NX Daemon Server] - 2024-07-31T19:26:16.363Z - [WATCHER]: Processing file changes in outputs
[NX Daemon Server] - 2024-07-31T19:26:16.424Z - [WATCHER]: Processing file changes in outputs
[NX Daemon Server] - 2024-07-31T19:26:16.476Z - [WATCHER]: Processing file changes in outputs
[NX Daemon Server] - 2024-07-31T19:26:16.552Z - [WATCHER]: Processing file changes in outputs
[NX Daemon Server] - 2024-07-31T19:26:16.606Z - [WATCHER]: Processing file changes in outputs
[NX Daemon Server] - 2024-07-31T19:26:16.668Z - [WATCHER]: Processing file changes in outputs
[NX Daemon Server] - 2024-07-31T19:26:16.732Z - [WATCHER]: Processing file changes in outputs
[NX Daemon Server] - 2024-07-31T19:26:16.786Z - [WATCHER]: Processing file changes in outputs
[NX Daemon Server] - 2024-07-31T19:26:16.854Z - [WATCHER]: Processing file changes in outputs
[NX Daemon Server] - 2024-07-31T19:26:16.923Z - [WATCHER]: Processing file changes in outputs
[NX Daemon Server] - 2024-07-31T19:26:17.009Z - [WATCHER]: Processing file changes in outputs
[NX Daemon Server] - 2024-07-31T19:26:17.073Z - [WATCHER]: Processing file changes in outputs
[NX Daemon Server] - 2024-07-31T19:26:17.134Z - [WATCHER]: Processing file changes in outputs
[NX Daemon Server] - 2024-07-31T19:26:17.187Z - [WATCHER]: Processing file changes in outputs
[NX Daemon Server] - 2024-07-31T19:26:17.243Z - [WATCHER]: Processing file changes in outputs
[NX Daemon Server] - 2024-07-31T19:26:17.296Z - [WATCHER]: Processing file changes in outputs
[NX Daemon Server] - 2024-07-31T19:26:17.356Z - [WATCHER]: Processing file changes in outputs
[NX Daemon Server] - 2024-07-31T19:26:17.415Z - [WATCHER]: Processing file changes in outputs
[NX Daemon Server] - 2024-07-31T19:26:17.475Z - [WATCHER]: Processing file changes in outputs
[NX Daemon Server] - 2024-07-31T19:26:17.532Z - [WATCHER]: Processing file changes in outputs
[NX Daemon Server] - 2024-07-31T19:26:17.589Z - [WATCHER]: Processing file changes in outputs
[NX Daemon Server] - 2024-07-31T19:26:17.659Z - [WATCHER]: Processing file changes in outputs
[NX Daemon Server] - 2024-07-31T19:26:17.697Z - Established a connection. Number of open connections: 8
[NX Daemon Server] - 2024-07-31T19:26:17.697Z - Closed a connection. Number of open connections: 7
[NX Daemon Server] - 2024-07-31T19:26:17.697Z - Established a connection. Number of open connections: 8
[NX Daemon Server] - 2024-07-31T19:26:17.699Z - [REQUEST]: Client Request for Project Graph Received
[NX Daemon Server] - 2024-07-31T19:26:17.699Z - [REQUEST]: Responding to the client. project-graph
[NX Daemon Server] - 2024-07-31T19:26:17.700Z - Time taken for 'total for creating and serializing project graph' 0.4995830003172159ms
[NX Daemon Server] - 2024-07-31T19:26:17.713Z - [WATCHER]: Processing file changes in outputs
[NX Daemon Server] - 2024-07-31T19:26:17.725Z - Done responding to the client project-graph
[NX Daemon Server] - 2024-07-31T19:26:17.725Z - Handled REQUEST_PROJECT_GRAPH. Handling time: 0. Response time: 26.
[NX Daemon Server] - 2024-07-31T19:26:17.803Z - [WATCHER]: Processing file changes in outputs
[NX Daemon Server] - 2024-07-31T19:26:17.864Z - [WATCHER]: Processing file changes in outputs
[NX Daemon Server] - 2024-07-31T19:26:17.927Z - [WATCHER]: Processing file changes in outputs
[NX Daemon Server] - 2024-07-31T19:26:17.991Z - [WATCHER]: Processing file changes in outputs
[NX Daemon Server] - 2024-07-31T19:26:18.058Z - [WATCHER]: Processing file changes in outputs
[NX Daemon Server] - 2024-07-31T19:26:18.194Z - [WATCHER]: Processing file changes in outputs
[NX Daemon Server] - 2024-07-31T19:26:18.253Z - [WATCHER]: Processing file changes in outputs
[NX Daemon Server] - 2024-07-31T19:26:18.311Z - [WATCHER]: Processing file changes in outputs
[NX Daemon Server] - 2024-07-31T19:26:18.368Z - [WATCHER]: Processing file changes in outputs
[NX Daemon Server] - 2024-07-31T19:26:18.440Z - [WATCHER]: Processing file changes in outputs
[NX Daemon Server] - 2024-07-31T19:26:18.447Z - [REQUEST]: Client Request for Project Graph Received
[NX Daemon Server] - 2024-07-31T19:26:18.448Z - [REQUEST]: Responding to the client. project-graph
[NX Daemon Server] - 2024-07-31T19:26:18.450Z - Time taken for 'total for creating and serializing project graph' 0.500666999258101ms
[NX Daemon Server] - 2024-07-31T19:26:18.497Z - Done responding to the client project-graph
[NX Daemon Server] - 2024-07-31T19:26:18.497Z - Handled REQUEST_PROJECT_GRAPH. Handling time: 1. Response time: 49.
[NX Daemon Server] - 2024-07-31T19:26:18.506Z - [WATCHER]: Processing file changes in outputs
[NX Daemon Server] - 2024-07-31T19:26:18.560Z - [WATCHER]: Processing file changes in outputs
[NX Daemon Server] - 2024-07-31T19:26:18.647Z - [WATCHER]: Processing file changes in outputs
[NX Daemon Server] - 2024-07-31T19:26:18.732Z - [WATCHER]: Processing file changes in outputs
[NX Daemon Server] - 2024-07-31T19:26:18.793Z - [WATCHER]: Processing file changes in outputs
[NX Daemon Server] - 2024-07-31T19:26:18.844Z - [WATCHER]: Processing file changes in outputs
[NX Daemon Server] - 2024-07-31T19:26:18.901Z - [WATCHER]: Processing file changes in outputs
[NX Daemon Server] - 2024-07-31T19:26:18.959Z - [WATCHER]: Processing file changes in outputs
[NX Daemon Server] - 2024-07-31T19:26:19.040Z - [WATCHER]: Processing file changes in outputs
[NX Daemon Server] - 2024-07-31T19:26:19.101Z - [WATCHER]: Processing file changes in outputs
[NX Daemon Server] - 2024-07-31T19:26:19.166Z - [WATCHER]: Processing file changes in outputs
[NX Daemon Server] - 2024-07-31T19:26:19.233Z - [WATCHER]: Processing file changes in outputs
[NX Daemon Server] - 2024-07-31T19:26:19.296Z - [WATCHER]: Processing file changes in outputs
[NX Daemon Server] - 2024-07-31T19:26:19.358Z - [WATCHER]: Processing file changes in outputs
[NX Daemon Server] - 2024-07-31T19:26:19.418Z - [WATCHER]: Processing file changes in outputs
[NX Daemon Server] - 2024-07-31T19:26:19.479Z - [WATCHER]: Processing file changes in outputs
[NX Daemon Server] - 2024-07-31T19:26:19.534Z - [WATCHER]: Processing file changes in outputs
[NX Daemon Server] - 2024-07-31T19:26:19.588Z - [WATCHER]: Processing file changes in outputs
[NX Daemon Server] - 2024-07-31T19:26:20.029Z - [WATCHER]: Processing file changes in outputs
[NX Daemon Server] - 2024-07-31T19:26:20.116Z - [WATCHER]: Processing file changes in outputs
[NX Daemon Server] - 2024-07-31T19:26:20.171Z - [WATCHER]: Processing file changes in outputs
[NX Daemon Server] - 2024-07-31T19:26:20.222Z - [WATCHER]: Processing file changes in outputs
[NX Daemon Server] - 2024-07-31T19:26:20.290Z - [WATCHER]: Processing file changes in outputs
[NX Daemon Server] - 2024-07-31T19:26:20.366Z - [WATCHER]: Processing file changes in outputs
[NX Daemon Server] - 2024-07-31T19:26:20.430Z - [WATCHER]: Processing file changes in outputs
[NX Daemon Server] - 2024-07-31T19:26:20.510Z - [WATCHER]: Processing file changes in outputs
[NX Daemon Server] - 2024-07-31T19:26:20.572Z - [WATCHER]: Processing file changes in outputs
[NX Daemon Server] - 2024-07-31T19:26:20.633Z - [WATCHER]: Processing file changes in outputs
[NX Daemon Server] - 2024-07-31T19:26:20.710Z - [WATCHER]: Processing file changes in outputs
[NX Daemon Server] - 2024-07-31T19:26:20.788Z - [WATCHER]: Processing file changes in outputs
[NX Daemon Server] - 2024-07-31T19:26:20.854Z - [WATCHER]: Processing file changes in outputs
[NX Daemon Server] - 2024-07-31T19:26:20.909Z - [WATCHER]: Processing file changes in outputs
[NX Daemon Server] - 2024-07-31T19:26:20.968Z - [WATCHER]: Processing file changes in outputs
[NX Daemon Server] - 2024-07-31T19:26:21.025Z - [WATCHER]: Processing file changes in outputs
[NX Daemon Server] - 2024-07-31T19:26:21.098Z - [WATCHER]: Processing file changes in outputs
[NX Daemon Server] - 2024-07-31T19:26:21.163Z - [WATCHER]: Processing file changes in outputs
[NX Daemon Server] - 2024-07-31T19:26:21.223Z - [WATCHER]: Processing file changes in outputs
[NX Daemon Server] - 2024-07-31T19:26:21.233Z - [REQUEST]: Client Request for Project Graph Received
[NX Daemon Server] - 2024-07-31T19:26:21.234Z - [REQUEST]: Responding to the client. project-graph
[NX Daemon Server] - 2024-07-31T19:26:21.234Z - Time taken for 'total for creating and serializing project graph' 0.23499999940395355ms
[NX Daemon Server] - 2024-07-31T19:26:21.287Z - [WATCHER]: 0 file(s) created or restored, 3 file(s) modified, 0 file(s) deleted
[NX Daemon Server] - 2024-07-31T19:26:21.288Z - [WATCHER]: Processing file changes in outputs
[NX Daemon Server] - 2024-07-31T19:26:21.387Z - Done responding to the client project-graph
[NX Daemon Server] - 2024-07-31T19:26:21.388Z - Handled REQUEST_PROJECT_GRAPH. Handling time: 1. Response time: 154.
[NX Daemon Server] - 2024-07-31T19:26:21.390Z - [REQUEST]: Updated workspace context based on watched changes, recomputing project graph...
[NX Daemon Server] - 2024-07-31T19:26:21.390Z - [REQUEST]: apps/app/src-tauri/gen/schemas/macOS-schema.json,apps/app/src-tauri/gen/schemas/desktop-schema.json,apps/app/src-tauri/gen/schemas/acl-manifests.json
[NX Daemon Server] - 2024-07-31T19:26:21.390Z - [REQUEST]: 
[NX Daemon Server] - 2024-07-31T19:26:21.415Z - [WATCHER]: Processing file changes in outputs
[NX Daemon Server] - 2024-07-31T19:26:21.416Z - [REQUEST]: Responding to the client. handleHashGlob
[NX Daemon Server] - 2024-07-31T19:26:21.416Z - Done responding to the client handleHashGlob
[NX Daemon Server] - 2024-07-31T19:26:21.416Z - Handled HASH_GLOB. Handling time: 1. Response time: 0.
[NX Daemon Server] - 2024-07-31T19:26:21.421Z - [REQUEST]: Responding to the client. handleHashGlob
[NX Daemon Server] - 2024-07-31T19:26:21.421Z - Done responding to the client handleHashGlob
[NX Daemon Server] - 2024-07-31T19:26:21.421Z - Handled HASH_GLOB. Handling time: 4. Response time: 0.
[NX Daemon Server] - 2024-07-31T19:26:21.422Z - [REQUEST]: Responding to the client. handleHashGlob
[NX Daemon Server] - 2024-07-31T19:26:21.422Z - Done responding to the client handleHashGlob
[NX Daemon Server] - 2024-07-31T19:26:21.422Z - Handled HASH_GLOB. Handling time: 0. Response time: 0.
[NX Daemon Server] - 2024-07-31T19:26:21.423Z - [REQUEST]: Responding to the client. handleHashGlob
[NX Daemon Server] - 2024-07-31T19:26:21.423Z - Done responding to the client handleHashGlob
[NX Daemon Server] - 2024-07-31T19:26:21.423Z - Handled HASH_GLOB. Handling time: 1. Response time: 0.
[NX Daemon Server] - 2024-07-31T19:26:21.423Z - Time taken for 'hash changed files from watcher' 0.5491660004481673ms
[NX Daemon Server] - 2024-07-31T19:26:21.423Z - [REQUEST]: Responding to the client. handleHashGlob
[NX Daemon Server] - 2024-07-31T19:26:21.423Z - Done responding to the client handleHashGlob
[NX Daemon Server] - 2024-07-31T19:26:21.423Z - Handled HASH_GLOB. Handling time: 0. Response time: 0.
[NX Daemon Server] - 2024-07-31T19:26:21.427Z - [REQUEST]: Responding to the client. handleHashGlob
[NX Daemon Server] - 2024-07-31T19:26:21.427Z - Done responding to the client handleHashGlob
[NX Daemon Server] - 2024-07-31T19:26:21.427Z - Handled HASH_GLOB. Handling time: 2. Response time: 0.
[NX Daemon Server] - 2024-07-31T19:26:21.432Z - [REQUEST]: Responding to the client. handleHashGlob
[NX Daemon Server] - 2024-07-31T19:26:21.432Z - Done responding to the client handleHashGlob
[NX Daemon Server] - 2024-07-31T19:26:21.432Z - Handled HASH_GLOB. Handling time: 3. Response time: 0.
[NX Daemon Server] - 2024-07-31T19:26:21.436Z - [REQUEST]: Responding to the client. handleHashGlob
[NX Daemon Server] - 2024-07-31T19:26:21.436Z - Done responding to the client handleHashGlob
[NX Daemon Server] - 2024-07-31T19:26:21.437Z - Handled HASH_GLOB. Handling time: 2. Response time: 1.
[NX Daemon Server] - 2024-07-31T19:26:21.440Z - [REQUEST]: Responding to the client. handleHashGlob
[NX Daemon Server] - 2024-07-31T19:26:21.440Z - Done responding to the client handleHashGlob
[NX Daemon Server] - 2024-07-31T19:26:21.440Z - Handled HASH_GLOB. Handling time: 2. Response time: 0.
[NX Daemon Server] - 2024-07-31T19:26:21.446Z - [REQUEST]: Responding to the client. handleHashGlob
[NX Daemon Server] - 2024-07-31T19:26:21.446Z - Done responding to the client handleHashGlob
[NX Daemon Server] - 2024-07-31T19:26:21.446Z - Handled HASH_GLOB. Handling time: 4. Response time: 0.
[NX Daemon Server] - 2024-07-31T19:26:21.447Z - [WATCHER]: Processing file changes in outputs
[NX Daemon Server] - 2024-07-31T19:26:21.449Z - [REQUEST]: Responding to the client. handleGlob
[NX Daemon Server] - 2024-07-31T19:26:21.449Z - Done responding to the client handleGlob
[NX Daemon Server] - 2024-07-31T19:26:21.449Z - Handled GLOB. Handling time: 2. Response time: 0.
[NX Daemon Server] - 2024-07-31T19:26:21.504Z - [WATCHER]: Processing file changes in outputs
[NX Daemon Server] - 2024-07-31T19:26:21.565Z - [WATCHER]: Processing file changes in outputs
[NX Daemon Server] - 2024-07-31T19:26:21.665Z - [WATCHER]: Processing file changes in outputs
[NX Daemon Server] - 2024-07-31T19:26:21.733Z - [WATCHER]: Processing file changes in outputs
[NX Daemon Server] - 2024-07-31T19:26:21.818Z - [WATCHER]: Processing file changes in outputs
[NX Daemon Server] - 2024-07-31T19:26:21.819Z - [WATCHER]: Stopping the watcher for /Users/aronmartin/Projects/devdept/app-starter (sources)
[NX Daemon Server] - 2024-07-31T19:26:21.820Z - [WATCHER]: Stopping the watcher for /Users/aronmartin/Projects/devdept/app-starter (outputs)
[NX Daemon Server] - 2024-07-31T19:26:21.820Z - Server stopped because: "LOCK_FILES_CHANGED"
